2015-08-21 10:07:03|   1.1|  1.1|INFORM|FME 2015.1.1.0 (20150715 - Build 15515 - WIN64)
2015-08-21 10:07:03|   1.1|  0.0|INFORM|FME_HOME is 'C:\Program Files\FME\'
2015-08-21 10:07:03|   1.1|  0.0|INFORM|FME Desktop ESRI Edition (floating)
2015-08-21 10:07:03|   1.1|  0.0|INFORM|Permanent License.
2015-08-21 10:07:03|   1.1|  0.0|INFORM|Machine host name is: WSXMALAND1
2015-08-21 10:07:03|   1.1|  0.0|INFORM|START - ProcessID: 11832, peak process memory usage: 53624 kB, current process memory usage: 53624 kB
2015-08-21 10:07:03|   1.1|  0.0|INFORM|FME Configuration: Command line arguments are `C:\Program Files\FME\fme.exe' `C:/Users/xmaland/Documents/GitHub/geonorge/geonorge/DSB\wb-xlate-1440144421732_6528' `LOG_STANDARDOUT' `YES' `LogCountServerName' `{1490218d-64ab-4d0b-929c-2a7353584374}'
2015-08-21 10:07:03|   1.2|  0.1|INFORM|Shared folders for formats are : C:\Program Files\FME\datasources;C:\Users\xmaland\Documents\GitHub\geonorge\Formats;C:\Users\xmaland\Documents\FME\Formats
2015-08-21 10:07:03|   1.2|  0.0|INFORM|Shared folders for transformers are : C:\Program Files\FME\transformers;C:\Users\xmaland\Documents\GitHub\geonorge\Transformers;C:\Users\xmaland\Documents\FME\Transformers
2015-08-21 10:07:03|   1.2|  0.0|INFORM|Shared folders for coordinate systems are : C:\Users\xmaland\Documents\GitHub\geonorge\CoordinateSystems;C:\Users\xmaland\Documents\FME\CoordinateSystems
2015-08-21 10:07:03|   1.2|  0.0|INFORM|Shared folders for coordinate system exceptions are : C:\Users\xmaland\Documents\GitHub\geonorge\CoordinateSystemExceptions;C:\Users\xmaland\Documents\FME\CoordinateSystemExceptions
2015-08-21 10:07:03|   1.2|  0.0|INFORM|Shared folders for coordinate system grid overrides are : C:\Users\xmaland\Documents\GitHub\geonorge\CoordinateSystemGridOverrides;C:\Users\xmaland\Documents\FME\CoordinateSystemGridOverrides
2015-08-21 10:07:03|   1.2|  0.0|INFORM|Shared folders for CS-MAP transformation exceptions are : C:\Users\xmaland\Documents\GitHub\geonorge\CsmapTransformationExceptions;C:\Users\xmaland\Documents\FME\CsmapTransformationExceptions
2015-08-21 10:07:03|   1.2|  0.0|INFORM|Shared folders for transformer categories are : C:\Users\xmaland\Documents\GitHub\geonorge\TransformerCategories;C:\Users\xmaland\Documents\FME\TransformerCategories
2015-08-21 10:07:03|   1.2|  0.0|INFORM|Mapping File Identifier is: SOSI ATOM Data Download Feed
2015-08-21 10:07:03|   1.2|  0.0|INFORM|FME Configuration: Reader Keyword is `NULL_SOURCE'
2015-08-21 10:07:03|   1.2|  0.0|INFORM|FME Configuration: Writer Keyword is `MULTI_WRITER'
2015-08-21 10:07:03|   1.2|  0.0|INFORM|FME Configuration: Writer Group Definition Keyword is `MULTI_WRITER_DEF'
2015-08-21 10:07:03|   1.2|  0.0|INFORM|FME Configuration: Reader type is `NULL'
2015-08-21 10:07:03|   1.2|  0.0|INFORM|FME Configuration: Writer type is `MULTI_WRITER'
2015-08-21 10:07:03|   1.2|  0.0|INFORM|FME Configuration: No destination coordinate system set
2015-08-21 10:07:03|   1.2|  0.0|INFORM|FME Configuration: Current working folder is `C:\Users\xmaland\Documents\GitHub\geonorge\geonorge\DSB'
2015-08-21 10:07:03|   1.2|  0.0|INFORM|FME Configuration: Temporary folder is `C:\Users\xmaland\AppData\Local\Temp'
2015-08-21 10:07:03|   1.2|  0.0|INFORM|FME Configuration: FME_HOME is `C:\Program Files\FME\'
2015-08-21 10:07:03|   1.2|  0.0|INFORM|FME Configuration: FME_BASE is 'no'
2015-08-21 10:07:03|   1.2|  0.0|INFORM|FME Configuration: FME_MF_DIR is 'C:\Users\xmaland\Documents\GitHub\geonorge\geonorge\DSB/'
2015-08-21 10:07:03|   1.2|  0.0|INFORM|FME Configuration: FME_MF_NAME is 'DSBAtomFeed.fmw'
2015-08-21 10:07:03|   1.2|  0.0|INFORM|FME Configuration: FME_PRODUCT_NAME is 'FME(R) 2015.1.1.0'
2015-08-21 10:07:03|   1.2|  0.0|INFORM|System Status: 158.09 GB of disk space available in the FME temporary folder (C:\Users\xmaland\AppData\Local\Temp)
2015-08-21 10:07:03|   1.2|  0.0|INFORM|System Status: 8.00 TB of virtual memory available
2015-08-21 10:07:03|   1.2|  0.0|INFORM|Operating System: Microsoft Windows 7 64-bit Service Pack 1 (Build 7601)
2015-08-21 10:07:03|   1.2|  0.0|INFORM|FME Platform: WIN64
2015-08-21 10:07:03|   1.2|  0.0|INFORM|Locale: nb_NO
2015-08-21 10:07:03|   1.2|  0.0|INFORM|Code Page: 1252  (ANSI - Latin I)
2015-08-21 10:07:03|   1.2|  0.0|INFORM|FME Configuration: Process limits are 15.77 GB of physical memory and 8.00 TB of address space
2015-08-21 10:07:03|   1.2|  0.0|INFORM|FME Configuration: Start freeing memory when process usage exceeds 9.46 GB of memory or 8.00 TB of address space
2015-08-21 10:07:03|   1.2|  0.0|INFORM|FME Configuration: Stop freeing memory when process usage is below 7.10 GB of memory and 6.00 TB of address space
2015-08-21 10:07:03|   1.2|  0.0|INFORM|Creating writer for format: 
2015-08-21 10:07:03|   1.2|  0.0|INFORM|Creating reader for format: NULL (Nothing)
2015-08-21 10:07:03|   1.2|  0.0|INFORM|Trying to find a DYNAMIC plugin for reader named `NULL'
2015-08-21 10:07:03|   1.2|  0.0|INFORM|Loaded module 'NULL' from file 'C:\Program Files\FME\plugins/NULL.dll'
2015-08-21 10:07:03|   1.2|  0.0|INFORM|FME API version of module 'NULL' matches current internal version (3.7 20150407)
2015-08-21 10:07:03|   1.2|  0.0|INFORM|Using MultiWriter $Revision$ ( $Date$ ) with keyword `MULTI_WRITER' to output data (ID_ATTRIBUTE is `multi_writer_id')
2015-08-21 10:07:03|   1.2|  0.0|INFORM|Writer output will be ordered by value of multi_writer_id
2015-08-21 10:07:03|   1.2|  0.0|INFORM|Loaded module 'LogCount_func' from file 'C:\Program Files\FME\plugins/LogCount_func.dll'
2015-08-21 10:07:03|   1.2|  0.0|INFORM|FME API version of module 'LogCount_func' matches current internal version (3.7 20150407)
2015-08-21 10:07:03|   1.3|  0.0|INFORM|Creating writer for format: FME Feature Store (FFS)
2015-08-21 10:07:03|   1.3|  0.0|INFORM|FME Configuration: No destination coordinate system set
2015-08-21 10:07:03|   1.3|  0.0|INFORM|Loaded module 'Geometry_func' from file 'C:\Program Files\FME\plugins/Geometry_func.dll'
2015-08-21 10:07:03|   1.3|  0.0|INFORM|FME API version of module 'Geometry_func' matches current internal version (3.7 20150407)
2015-08-21 10:07:03|   1.3|  0.0|INFORM|Loaded module 'HTTPFactory' from file 'C:\Program Files\FME\plugins/HTTPFactory.dll'
2015-08-21 10:07:03|   1.3|  0.0|INFORM|FME API version of module 'HTTPFactory' matches current internal version (3.7 20150407)
2015-08-21 10:07:03|   1.3|  0.0|INFORM|Loaded module 'XFMapFactory' from file 'C:\Program Files\FME\plugins/XFMapFactory.dll'
2015-08-21 10:07:03|   1.3|  0.0|INFORM|FME API version of module 'XFMapFactory' matches current internal version (3.7 20150407)
2015-08-21 10:07:03|   1.3|  0.0|INFORM|Emptying factory pipeline
2015-08-21 10:07:03|   1.3|  0.0|INFORM|Sending request to 'http://nnrite507/fmerest/repositories/DSB/DSB_PostGIS2DSB_Sosi/parameters.xml?token=ead29cef7ac8014a0a5c405e477a0da6c8ca35fb'
2015-08-21 10:07:03|   1.3|  0.0|INFORM|HTTPCaller(HTTPFactory): HTTP transfer summary - status code: 200, download size: '440 bytes', DNS lookup time: '0.015 seconds', total transfer time: '0.203 seconds', url: 'http://nnrite507/fmerest/repositories/DSB/DSB_PostGIS2DSB_Sosi/parameters.xml?token=ead29cef7ac8014a0a5c405e477a0da6c8ca35fb'
2015-08-21 10:07:03|   1.3|  0.0|STATS |Storing feature(s) to FME feature store file `C:\Users\xmaland\AppData\Local\Temp\DSBAtomFeed_100703\inspector.ffs'
2015-08-21 10:07:03|   1.3|  0.0|STATS |Storing feature(s) to FME feature store file `C:\Users\xmaland\AppData\Local\Temp\DSBAtomFeed_100703\inspector.fsc'
2015-08-21 10:07:03|   1.4|  0.0|INFORM|Creating writer for format: GeoRSS/RSS Feed
2015-08-21 10:07:03|   1.4|  0.0|INFORM|Trying to find a DYNAMIC plugin for writer named `GEORSS'
2015-08-21 10:07:03|   1.4|  0.0|INFORM|Loaded module 'GEORSS' from file 'C:\Program Files\FME\plugins/GEORSS.dll'
2015-08-21 10:07:03|   1.4|  0.0|INFORM|FME API version of module 'GEORSS' matches current internal version (3.7 20150407)
2015-08-21 10:07:03|   1.4|  0.0|INFORM|FME Configuration: No destination coordinate system set
2015-08-21 10:07:03|   1.4|  0.0|INFORM|FME API version of module 'GEORSS' matches current internal version (3.7 20150407)
2015-08-21 10:07:03|   1.4|  0.0|INFORM|Writer `GEORSS_1' of type `GEORSS' using group definition keyword `GEORSS_DEF'
2015-08-21 10:07:03|   1.4|  0.0|INFORM|FME API version of module 'GEORSS' matches current internal version (3.7 20150407)
2015-08-21 10:07:03|   1.4|  0.0|INFORM|Opening the GeoRSS writer with destination dataset `C:\Users\xmaland\Documents\GitHub\geonorge\geonorge\DSB\ATOM\DSBAtomFeed.xml'
2015-08-21 10:07:03|   1.4|  0.0|STATS |Creator_2_XML_Creator(CreationFactory): Created 1 features
2015-08-21 10:07:03|   1.4|  0.0|STATS |Creator_2_Cloner(TeeFactory): Cloned 1 input feature(s) into 1 output feature(s)
2015-08-21 10:07:03|   1.4|  0.0|STATS |Creator_2_CREATED Feature Counter -1 55(TeeFactory): Cloned 1 input feature(s) into 1 output feature(s)
2015-08-21 10:07:03|   1.4|  0.0|STATS |AttributeCreator_OUTPUT Feature Counter -1 65(TeeFactory): Cloned 1 input feature(s) into 1 output feature(s)
2015-08-21 10:07:03|   1.4|  0.0|STATS |Creator_XML_Creator(CreationFactory): Created 1 features
2015-08-21 10:07:03|   1.4|  0.0|STATS |Creator_Cloner(TeeFactory): Cloned 1 input feature(s) into 1 output feature(s)
2015-08-21 10:07:03|   1.4|  0.0|STATS |Creator_CREATED Feature Counter -1 78(TeeFactory): Cloned 1 input feature(s) into 1 output feature(s)
2015-08-21 10:07:03|   1.4|  0.0|STATS |AttributeCreator_7_OUTPUT Feature Counter -1 79(TeeFactory): Cloned 1 input feature(s) into 1 output feature(s)
2015-08-21 10:07:03|   1.4|  0.0|STATS |SubstringExtractor(TeeFactory): Cloned 1 input feature(s) into 1 output feature(s)
2015-08-21 10:07:03|   1.4|  0.0|STATS |SubstringExtractor_OUTPUT Feature Counter -1 73(TeeFactory): Cloned 1 input feature(s) into 1 output feature(s)
2015-08-21 10:07:03|   1.4|  0.0|STATS |AttributeCreator_4(TeeFactory): Cloned 1 input feature(s) into 1 output feature(s)
2015-08-21 10:07:03|   1.4|  0.0|STATS |AttributeCreator_4_OUTPUT Feature Counter -1 31(TeeFactory): Cloned 1 input feature(s) into 1 output feature(s)
2015-08-21 10:07:03|   1.4|  0.0|STATS |HTTPCaller Output Splitter(TeeFactory): Cloned 1 input feature(s) into 2 output feature(s)
2015-08-21 10:07:03|   1.4|  0.0|STATS |HTTPCaller_Output_0_cRAw9JV7+so= Feature Counter -1 44(TeeFactory): Cloned 1 input feature(s) into 1 output feature(s)
2015-08-21 10:07:03|   1.4|  0.0|STATS |HTTPCaller_Output_1_cRAw9JV7+so= Feature Counter -1 57(TeeFactory): Cloned 1 input feature(s) into 1 output feature(s)
2015-08-21 10:07:03|   1.4|  0.0|STATS |HTTPCaller_<Rejected> Feature Counter -1 59(TeeFactory): Cloned 0 input feature(s) into 0 output feature(s)
2015-08-21 10:07:03|   1.4|  0.0|STATS |AttributeCreator_3(TeeFactory): Cloned 0 input feature(s) into 0 output feature(s)
2015-08-21 10:07:03|   1.4|  0.0|STATS |AttributeCreator_3_OUTPUT Feature Counter -1 48(TeeFactory): Cloned 0 input feature(s) into 0 output feature(s)
2015-08-21 10:07:03|   1.4|  0.0|STATS |Inspector_DirCreator(CreationFactory): Created 1 features
2015-08-21 10:07:03|   1.4|  0.0|STATS |Inspector_DirCreatorCleanerUpper(TeeFactory): Cloned 1 input feature(s) into 0 output feature(s)
2015-08-21 10:07:03|   1.4|  0.0|STATS |Inspector_FeatureDirector(TestFactory): Tested 1 input feature(s) -- 0 feature(s) passed and 1 feature(s) failed
2015-08-21 10:07:03|   1.4|  0.0|STATS |Inspector___FeatureDirector1(TestFactory): Tested 1 input feature(s) -- 0 feature(s) passed and 1 feature(s) failed
2015-08-21 10:07:03|   1.4|  0.0|STATS |Inspector_VectorSetterUpper(TeeFactory): Cloned 1 input feature(s) into 1 output feature(s)
2015-08-21 10:07:03|   1.4|  0.0|STATS |Inspector___PointCloudThinner(TeeFactory): Cloned 0 input feature(s) into 0 output feature(s)
2015-08-21 10:07:03|   1.4|  0.0|STATS |Inspector_RasterSetterUpper(TeeFactory): Cloned 0 input feature(s) into 0 output feature(s)
2015-08-21 10:07:03|   1.4|  0.0|STATS |Stored 1 feature(s) to FME feature store file `C:\Users\xmaland\AppData\Local\Temp\DSBAtomFeed_100703\inspector.ffs'
2015-08-21 10:07:03|   1.4|  0.0|INFORM|Saving spatial index into file 'C:\Users\xmaland\AppData\Local\Temp\DSBAtomFeed_100703\inspector.fsi'
2015-08-21 10:07:03|   1.4|  0.0|INFORM|Finished saving spatial index into file 'C:\Users\xmaland\AppData\Local\Temp\DSBAtomFeed_100703\inspector.fsi'
2015-08-21 10:07:03|   1.4|  0.0|STATS |Stored 1 feature(s) to FME feature store file `C:\Users\xmaland\AppData\Local\Temp\DSBAtomFeed_100703\inspector.fsc'
2015-08-21 10:07:03|   1.4|  0.0|INFORM|Inspector_Recorder(RecorderFactory): Recorded 1 feature(s) to file `C:\Users\xmaland\AppData\Local\Temp\DSBAtomFeed_100703\inspector.ffs'
2015-08-21 10:07:03|   1.4|  0.0|INFORM|XMLFragmenter_2(XFMapFactory): Total Results: 1 Mapped Feature(s), 1 Input Feature(s), and 0 Invalid input Feature(s)
2015-08-21 10:07:03|   1.4|  0.0|STATS |XMLFragmenter_2_FRAGMENTS Feature Counter -1 33(TeeFactory): Cloned 1 input feature(s) into 1 output feature(s)
2015-08-21 10:07:03|   1.4|  0.0|STATS |AttributeExposer(TeeFactory): Cloned 1 input feature(s) into 1 output feature(s)
2015-08-21 10:07:03|   1.4|  0.0|STATS |AttributeExposer_OUTPUT Feature Counter -1 100(TeeFactory): Cloned 1 input feature(s) into 1 output feature(s)
2015-08-21 10:07:03|   1.4|  0.0|STATS |AttributeKeeper(TeeFactory): Cloned 1 input feature(s) into 1 output feature(s)
2015-08-21 10:07:03|   1.4|  0.0|STATS |AttributeKeeper_OUTPUT Feature Counter -1 89(TeeFactory): Cloned 1 input feature(s) into 1 output feature(s)
2015-08-21 10:07:03|   1.4|  0.0|STATS |AttributeCreator_5_OUTPUT Feature Counter -1 70(TeeFactory): Cloned 1 input feature(s) into 1 output feature(s)
2015-08-21 10:07:03|   1.4|  0.0|STATS |AttributeCreator_2_OUTPUT Feature Counter -1 76(TeeFactory): Cloned 1 input feature(s) into 1 output feature(s)
2015-08-21 10:07:03|   1.4|  0.0|STATS |Destination Feature Type Routing Correlator(RoutingFactory): Tested 2 input feature(s), wrote 2 output feature(s): 0 matched merge filters, 2 were routed to output, 0 could not be routed.
2015-08-21 10:07:03|   1.4|  0.0|STATS |Final Output Nuker(TeeFactory): Cloned 0 input feature(s) into 0 output feature(s)
2015-08-21 10:07:03|   1.4|  0.0|STATS |f_41(CreationFactory): Created 1 features
2015-08-21 10:07:03|   1.4|  0.0|STATS |f_42(TeeFactory): Cloned 1 input feature(s) into 0 output feature(s)
2015-08-21 10:07:03|   1.4|  0.0|INFORM|=-=-=-=-=-=-=-=-=-=-=-=-=-=-=-=-=-=-=-=-=-=-=-=-=-=-=-=-=-=-=-=-=-=-=-=-=-=-=-
2015-08-21 10:07:03|   1.4|  0.0|INFORM|Feature output statistics for `FFS' writer using keyword `W_1':
2015-08-21 10:07:03|   1.4|  0.0|STATS |=-=-=-=-=-=-=-=-=-=-=-=-=-=-=-=-=-=-=-=-=-=-=-=-=-=-=-=-=-=-=-=-=-=-=-=-=-=-=-
2015-08-21 10:07:03|   1.4|  0.0|STATS |                               Features Written
2015-08-21 10:07:03|   1.4|  0.0|STATS |=-=-=-=-=-=-=-=-=-=-=-=-=-=-=-=-=-=-=-=-=-=-=-=-=-=-=-=-=-=-=-=-=-=-=-=-=-=-=-
2015-08-21 10:07:03|   1.4|  0.0|STATS |==============================================================================
2015-08-21 10:07:03|   1.4|  0.0|STATS |Total Features Written                                                       0
2015-08-21 10:07:03|   1.4|  0.0|STATS |=-=-=-=-=-=-=-=-=-=-=-=-=-=-=-=-=-=-=-=-=-=-=-=-=-=-=-=-=-=-=-=-=-=-=-=-=-=-=-
2015-08-21 10:07:03|   1.4|  0.0|INFORM|The GeoRSS writer will output an Atom v1.0 feed
2015-08-21 10:07:03|   1.4|  0.0|INFORM|Closing the GeoRSS writer
2015-08-21 10:07:03|   1.4|  0.0|INFORM|=-=-=-=-=-=-=-=-=-=-=-=-=-=-=-=-=-=-=-=-=-=-=-=-=-=-=-=-=-=-=-=-=-=-=-=-=-=-=-
2015-08-21 10:07:03|   1.4|  0.0|INFORM|Feature output statistics for `GEORSS' writer using keyword `GEORSS_1':
2015-08-21 10:07:03|   1.4|  0.0|STATS |=-=-=-=-=-=-=-=-=-=-=-=-=-=-=-=-=-=-=-=-=-=-=-=-=-=-=-=-=-=-=-=-=-=-=-=-=-=-=-
2015-08-21 10:07:03|   1.4|  0.0|STATS |                               Features Written
2015-08-21 10:07:03|   1.4|  0.0|STATS |=-=-=-=-=-=-=-=-=-=-=-=-=-=-=-=-=-=-=-=-=-=-=-=-=-=-=-=-=-=-=-=-=-=-=-=-=-=-=-
2015-08-21 10:07:03|   1.4|  0.0|STATS |Entry                                                                        1
2015-08-21 10:07:03|   1.4|  0.0|STATS |Feed                                                                         1
2015-08-21 10:07:03|   1.4|  0.0|STATS |==============================================================================
2015-08-21 10:07:03|   1.4|  0.0|STATS |Total Features Written                                                       2
2015-08-21 10:07:03|   1.4|  0.0|STATS |=-=-=-=-=-=-=-=-=-=-=-=-=-=-=-=-=-=-=-=-=-=-=-=-=-=-=-=-=-=-=-=-=-=-=-=-=-=-=-
2015-08-21 10:07:03|   1.4|  0.0|STATS |=-=-=-=-=-=-=-=-=-=-=-=-=-=-=-=-=-=-=-=-=-=-=-=-=-=-=-=-=-=-=-=-=-=-=-=-=-=-=-
2015-08-21 10:07:03|   1.4|  0.0|STATS |                            Features Read Summary
2015-08-21 10:07:03|   1.4|  0.0|STATS |=-=-=-=-=-=-=-=-=-=-=-=-=-=-=-=-=-=-=-=-=-=-=-=-=-=-=-=-=-=-=-=-=-=-=-=-=-=-=-
2015-08-21 10:07:03|   1.4|  0.0|STATS |==============================================================================
2015-08-21 10:07:03|   1.4|  0.0|STATS |Total Features Read                                                          0
2015-08-21 10:07:03|   1.4|  0.0|STATS |=-=-=-=-=-=-=-=-=-=-=-=-=-=-=-=-=-=-=-=-=-=-=-=-=-=-=-=-=-=-=-=-=-=-=-=-=-=-=-
2015-08-21 10:07:03|   1.4|  0.0|STATS |=-=-=-=-=-=-=-=-=-=-=-=-=-=-=-=-=-=-=-=-=-=-=-=-=-=-=-=-=-=-=-=-=-=-=-=-=-=-=-
2015-08-21 10:07:03|   1.4|  0.0|STATS |                           Features Written Summary
2015-08-21 10:07:03|   1.4|  0.0|STATS |=-=-=-=-=-=-=-=-=-=-=-=-=-=-=-=-=-=-=-=-=-=-=-=-=-=-=-=-=-=-=-=-=-=-=-=-=-=-=-
2015-08-21 10:07:03|   1.4|  0.0|STATS |Entry                                                                        1
2015-08-21 10:07:03|   1.4|  0.0|STATS |Feed                                                                         1
2015-08-21 10:07:03|   1.4|  0.0|STATS |==============================================================================
2015-08-21 10:07:03|   1.4|  0.0|STATS |Total Features Written                                                       2
2015-08-21 10:07:03|   1.4|  0.0|STATS |=-=-=-=-=-=-=-=-=-=-=-=-=-=-=-=-=-=-=-=-=-=-=-=-=-=-=-=-=-=-=-=-=-=-=-=-=-=-=-
2015-08-21 10:07:03|   1.4|  0.0|INFORM|Translation was SUCCESSFUL with 0 warning(s) (2 feature(s) output)
2015-08-21 10:07:03|   1.4|  0.0|INFORM|FME Session Duration: 1.6 seconds. (CPU: 0.1s user, 0.1s system)
2015-08-21 10:07:03|   1.4|  0.0|INFORM|END - ProcessID: 11832, peak process memory usage: 88748 kB, current process memory usage: 87736 kB
