2015-08-13 15:39:06|   1.1|  1.1|INFORM|FME 2015.0 (20150113 - Build 15244 - WIN32)
2015-08-13 15:39:06|   1.1|  0.0|INFORM|FME_HOME is 'D:\apps\FME\'
2015-08-13 15:39:06|   1.1|  0.0|INFORM|FME Desktop ESRI Edition (floating)
2015-08-13 15:39:06|   1.1|  0.0|INFORM|Permanent License.
2015-08-13 15:39:06|   1.1|  0.0|INFORM|Machine host name is: PC-5056
2015-08-13 15:39:06|   1.1|  0.0|INFORM|START - ProcessID: 10092, peak process memory usage: 40224 kB, current process memory usage: 40216 kB
2015-08-13 15:39:06|   1.1|  0.0|INFORM|FME Configuration: Command line arguments are `D:\apps\FME\fme.exe' `D:/Utvikling/Kartverket/GeoNorge/Nedlastingslosning/geonorge/DSB\wb-xlate-1439473144377_14544' `LOG_STANDARDOUT' `YES' `LogCountServerName' `{1e8c1c49-5086-4d4d-8b6d-2f4ae91d043e}'
2015-08-13 15:39:06|   1.1|  0.0|INFORM|Shared folders for formats are : D:\apps\FME\datasources;D:\apps\FMEServer\Resources\shared\Formats;C:\Users\lund\Documents\FME\Formats
2015-08-13 15:39:06|   1.1|  0.0|INFORM|Shared folders for transformers are : D:\apps\FME\transformers;D:\apps\FMEServer\Resources\shared\Transformers;C:\Users\lund\Documents\FME\Transformers
2015-08-13 15:39:06|   1.1|  0.0|INFORM|Shared folders for coordinate systems are : D:\apps\FMEServer\Resources\shared\CoordinateSystems;C:\Users\lund\Documents\FME\CoordinateSystems
2015-08-13 15:39:06|   1.1|  0.0|INFORM|Shared folders for coordinate system exceptions are : D:\apps\FMEServer\Resources\shared\CoordinateSystemExceptions;C:\Users\lund\Documents\FME\CoordinateSystemExceptions
2015-08-13 15:39:06|   1.1|  0.0|INFORM|Shared folders for coordinate system grid overrides are : D:\apps\FMEServer\Resources\shared\CoordinateSystemGridOverrides;C:\Users\lund\Documents\FME\CoordinateSystemGridOverrides
2015-08-13 15:39:06|   1.1|  0.0|INFORM|Shared folders for CS-MAP transformation exceptions are : D:\apps\FMEServer\Resources\shared\CsmapTransformationExceptions;C:\Users\lund\Documents\FME\CsmapTransformationExceptions
2015-08-13 15:39:06|   1.1|  0.0|INFORM|Shared folders for transformer categories are : C:\Users\lund\Documents\FME\TransformerCategories
2015-08-13 15:39:06|   1.1|  0.0|INFORM|FME Configuration: Reader Keyword is `WFS_1'
2015-08-13 15:39:06|   1.1|  0.0|INFORM|FME Configuration: Writer Keyword is `MULTI_WRITER'
2015-08-13 15:39:06|   1.1|  0.0|INFORM|FME Configuration: Writer Group Definition Keyword is `MULTI_WRITER_DEF'
2015-08-13 15:39:06|   1.1|  0.0|INFORM|FME Configuration: Reader type is `WFS'
2015-08-13 15:39:06|   1.1|  0.0|INFORM|FME Configuration: Writer type is `MULTI_WRITER'
2015-08-13 15:39:06|   1.1|  0.0|INFORM|FME Configuration: No destination coordinate system set
2015-08-13 15:39:06|   1.1|  0.0|INFORM|FME Configuration: Current working folder is `D:\Utvikling\Kartverket\GeoNorge\Nedlastingslosning\geonorge\DSB'
2015-08-13 15:39:06|   1.1|  0.0|INFORM|FME Configuration: Temporary folder is `C:\Users\lund\AppData\Local\Temp'
2015-08-13 15:39:06|   1.1|  0.0|INFORM|FME Configuration: FME_HOME is `D:\apps\FME\'
2015-08-13 15:39:06|   1.1|  0.0|INFORM|FME Configuration: FME_BASE is 'no'
2015-08-13 15:39:06|   1.1|  0.0|INFORM|FME Configuration: FME_MF_DIR is 'D:\Utvikling\Kartverket\GeoNorge\Nedlastingslosning\geonorge\DSB/'
2015-08-13 15:39:06|   1.1|  0.0|INFORM|FME Configuration: FME_MF_NAME is 'DSBwfs2postgisKartverket.fmw'
2015-08-13 15:39:06|   1.1|  0.0|INFORM|FME Configuration: FME_PRODUCT_NAME is 'FME(R) 2015.0'
2015-08-13 15:39:06|   1.1|  0.0|INFORM|System Status: 120.03 GB of disk space available in the FME temporary folder (C:\Users\lund\AppData\Local\Temp)
2015-08-13 15:39:06|   1.1|  0.0|INFORM|System Status: 4.00 GB of virtual memory available
2015-08-13 15:39:06|   1.1|  0.0|INFORM|Operating System: Microsoft Windows 8.1 64-bit  (Build 9600)
2015-08-13 15:39:06|   1.1|  0.0|INFORM|FME Platform: WIN32
2015-08-13 15:39:06|   1.1|  0.0|INFORM|Locale: nb_NO
2015-08-13 15:39:06|   1.1|  0.0|INFORM|Code Page: 1252  (ANSI - Latin I)
2015-08-13 15:39:06|   1.1|  0.0|INFORM|FME Configuration: Process limits are 7.63 GB of physical memory and 4.00 GB of address space
2015-08-13 15:39:06|   1.1|  0.0|INFORM|FME Configuration: Start freeing memory when process usage exceeds 2.83 GB of memory or 3.41 GB of address space
2015-08-13 15:39:06|   1.1|  0.0|INFORM|FME Configuration: Stop freeing memory when process usage is below 2.12 GB of memory and 2.56 GB of address space
2015-08-13 15:39:06|   1.1|  0.0|INFORM|FME Configuration: Autodetermining optimal maximum number of objects in memory
2015-08-13 15:39:06|   1.1|  0.0|INFORM|Creating writer for format: 
2015-08-13 15:39:06|   1.1|  0.0|INFORM|Creating reader for format: WFS (Web Feature Service)
2015-08-13 15:39:06|   1.1|  0.0|INFORM|Trying to find a DYNAMIC plugin for reader named `WFS'
2015-08-13 15:39:06|   1.1|  0.0|INFORM|FME Configuration: Source coordinate system for reader WFS_1[WFS] set to `EPSG:32633'
2015-08-13 15:39:06|   1.3|  0.2|INFORM|Coordinate System `EPSG:32633' parameters: CS_NAME=`UTM84-33N' DESC_NM=`UTM-WGS 1984 datum, Zone 33 North, Meter; Cent. Meridian 15d E' DT_NAME=`WGS84' GROUP=`UTMN' MAP_SCL=`1' MAX_LAT=`90' MAX_LNG=`18.75' MIN_LAT=`-8.4' MIN_LNG=`11.25' PARM1=`15' PROJ=`TM' QUAD=`1' SCL_RED=`0.9996' SOURCE=`Snyder, J.P, 1987, Map Projections - A Working Manual' UNIT=`METER' X_OFF=`500000.0' Y_OFF=`0.0' 
2015-08-13 15:39:06|   1.3|  0.0|INFORM|Loaded module 'WFS' from file 'D:\apps\FME\plugins/WFS.dll'
2015-08-13 15:39:06|   1.3|  0.0|INFORM|FME API version of module 'WFS' matches current internal version (3.7 20141021)
2015-08-13 15:39:06|   1.3|  0.0|INFORM|<WFS> Capabilities URL: `http://kart.dsb.no:80/wfs.aspx?SERVICE=WFS&REQUEST=GetCapabilities&VERSION=1.1.0'
2015-08-13 15:39:06|   1.3|  0.0|INFORM|Received HTTP response header: 'HTTP/1.1 200 OK'
2015-08-13 15:39:06|   1.3|  0.0|INFORM|Received HTTP response header: 'Cache-Control: private'
2015-08-13 15:39:06|   1.3|  0.0|INFORM|Received HTTP response header: 'Content-Type: text/xml; charset=utf-8'
2015-08-13 15:39:06|   1.3|  0.0|INFORM|Received HTTP response header: 'Server: Microsoft-IIS/7.5'
2015-08-13 15:39:06|   1.3|  0.0|INFORM|Received HTTP response header: 'Set-Cookie: ASP.NET_SessionId=qdpktk5gq2hllkfz40affgfs; path=/; HttpOnly'
2015-08-13 15:39:06|   1.3|  0.0|INFORM|Received HTTP response header: 'Access-Control-Allow-Origin: *'
2015-08-13 15:39:06|   1.3|  0.0|INFORM|Received HTTP response header: 'X-AspNet-Version: 4.0.30319'
2015-08-13 15:39:06|   1.3|  0.0|INFORM|Received HTTP response header: 'X-Powered-By: ASP.NET'
2015-08-13 15:39:06|   1.3|  0.0|INFORM|Received HTTP response header: 'Date: Thu, 13 Aug 2015 13:39:33 GMT'
2015-08-13 15:39:06|   1.3|  0.0|INFORM|Received HTTP response header: 'Content-Length: 10150'
2015-08-13 15:39:06|   1.3|  0.0|INFORM|HTTP/FTP Transfer: Downloading resource 'http://kart.dsb.no:80/wfs.aspx?SERVICE=WFS&REQUEST=GetCapabilities&VERSION=1.1.0' to local file 'C:\Users\lund\AppData\Local\Temp\WFSCapability_1439473146544_10092.xml'
2015-08-13 15:39:06|   1.3|  0.0|INFORM|HTTP transfer summary - status code: 200, download size: '10150 bytes', DNS lookup time: '0.016 seconds', total transfer time: '0.344 seconds', url: 'http://kart.dsb.no:80/wfs.aspx?SERVICE=WFS&REQUEST=GetCapabilities&VERSION=1.1.0'
2015-08-13 15:39:06|   1.4|  0.0|INFORM|FME Configuration: Using FME Reprojection Engine
2015-08-13 15:39:06|   1.4|  0.0|INFORM|<WFS> DescribeFeatureType URL: `http://kart.dsb.no:80/wfs.aspx?SERVICE=WFS&VERSION=1.1.0&REQUEST=DescribeFeatureType&TYPENAME=layer_394%2Clayer_395%2Clayer_511%2Clayer_307%2Clayer_309%2Clayer_562&NAMESPACE=xmlns%28%3Dhttp%3A%2F%2Fwww.opengis.net%2Fwfs%29&OUTPUTFORMAT=text%2Fxml%3B%20subtype%3Dgml%2F3.1.1'
2015-08-13 15:39:06|   1.4|  0.0|INFORM|<WFS> GetFeature URL: `http://kart.dsb.no:80/wfs.aspx?SERVICE=WFS&VERSION=1.1.0&REQUEST=GetFeature&TYPENAME=layer_394%2Clayer_395%2Clayer_511%2Clayer_307%2Clayer_309%2Clayer_562&NAMESPACE=xmlns%28%3Dhttp%3A%2F%2Fwww.opengis.net%2Fwfs%29&OUTPUTFORMAT=text%2Fxml%3B%20subtype%3Dgml%2F3.1.1&MAXFEATURES=30000'
2015-08-13 15:39:07|   1.5|  0.2|INFORM|Creating reader for format: GML (Geography Markup Language)
2015-08-13 15:39:07|   1.6|  0.1|INFORM|Trying to find a DYNAMIC plugin for reader named `GML'
2015-08-13 15:39:07|   1.7|  0.1|INFORM|Loaded module 'GML' from file 'D:\apps\FME\plugins/GML.dll'
2015-08-13 15:39:07|   1.7|  0.0|INFORM|FME API version of module 'GML' matches current internal version (3.7 20141021)
2015-08-13 15:39:07|   1.7|  0.0|INFORM|Using MultiWriter $Revision$ ( $Date$ ) with keyword `MULTI_WRITER' to output data (ID_ATTRIBUTE is `multi_writer_id')
2015-08-13 15:39:07|   1.7|  0.0|INFORM|Writer output will be ordered by value of multi_writer_id
2015-08-13 15:39:07|   1.8|  0.0|INFORM|Loaded module 'LogCount_func' from file 'D:\apps\FME\plugins/LogCount_func.dll'
2015-08-13 15:39:07|   1.8|  0.0|INFORM|FME API version of module 'LogCount_func' matches current internal version (3.7 20141021)
2015-08-13 15:39:07|   1.8|  0.0|INFORM|Creating writer for format: FME Feature Store (FFS)
2015-08-13 15:39:07|   1.8|  0.0|INFORM|FME Configuration: No destination coordinate system set
2015-08-13 15:39:07|   1.8|  0.0|INFORM|The uri-map document 'D:\apps\FME\xml\urimap\gml_aixm.xml' is being used to map from URI to URI
2015-08-13 15:39:07|   1.8|  0.0|INFORM|The uri-map document 'D:\apps\FME\xml\urimap\gml_citygml.xml' is being used to map from URI to URI
2015-08-13 15:39:07|   1.8|  0.0|INFORM|The uri-map document 'D:\apps\FME\xml\urimap\gml_inspire.xml' is being used to map from URI to URI
2015-08-13 15:39:07|   1.8|  0.0|INFORM|The uri-map document 'D:\apps\FME\xml\urimap\gml_urimap.xml' is being used to map from URI to URI
2015-08-13 15:39:07|   1.8|  0.0|INFORM|Sending HTTP 'GET' request to 'http://kart.dsb.no:80/wfs.aspx?SERVICE=WFS&VERSION=1.1.0&REQUEST=GetFeature&TYPENAME=layer_394%2Clayer_395%2Clayer_511%2Clayer_307%2Clayer_309%2Clayer_562&NAMESPACE=xmlns%28%3Dhttp%3A%2F%2Fwww.opengis.net%2Fwfs%29&OUTPUTFORMAT=text%2Fxml%3B%20subtype%3Dgml%2F3.1.1&MAXFEATURES=30000', waiting for response ...
2015-08-13 15:39:07|   1.8|  0.0|INFORM|Received HTTP response header: 'HTTP/1.1 200 OK'
2015-08-13 15:39:07|   1.8|  0.0|INFORM|Received HTTP response header: 'Cache-Control: private'
2015-08-13 15:39:07|   1.8|  0.0|INFORM|Received HTTP response header: 'Content-Type: text/xml; charset=utf-8'
2015-08-13 15:39:07|   1.8|  0.0|INFORM|Received HTTP response header: 'Server: Microsoft-IIS/7.5'
2015-08-13 15:39:07|   1.8|  0.0|INFORM|Received HTTP response header: 'Set-Cookie: ASP.NET_SessionId=13ro5xctcvnhexpvkwhqrub5; path=/; HttpOnly'
2015-08-13 15:39:07|   1.8|  0.0|INFORM|Received HTTP response header: 'Access-Control-Allow-Origin: *'
2015-08-13 15:39:07|   1.8|  0.0|INFORM|Received HTTP response header: 'X-AspNet-Version: 4.0.30319'
2015-08-13 15:39:07|   1.8|  0.0|INFORM|Received HTTP response header: 'X-Powered-By: ASP.NET'
2015-08-13 15:39:07|   1.8|  0.0|INFORM|Received HTTP response header: 'Date: Thu, 13 Aug 2015 13:39:34 GMT'
2015-08-13 15:39:07|   1.8|  0.0|INFORM|Received HTTP response header: 'Content-Length: 2508392'
2015-08-13 15:39:07|   1.8|  0.0|INFORM|URI 'http://kart.dsb.no:80/wfs.aspx?SERVICE=WFS&VERSION=1.1.0&REQUEST=DescribeFeatureType&TYPENAME=layer_394%2Clayer_395%2Clayer_511%2Clayer_307%2Clayer_309%2Clayer_562&NAMESPACE=xmlns%28%3Dhttp%3A%2F%2Fwww.opengis.net%2Fwfs%29&OUTPUTFORMAT=text%2Fxml%3B%20subtype%3Dgml%2F3.1.1' mapped to 'http://kart.dsb.no:80/wfs.aspx?SERVICE=WFS&VERSION=1.1.0&REQUEST=DescribeFeatureType&TYPENAME=layer_394%2Clayer_395%2Clayer_511%2Clayer_307%2Clayer_309%2Clayer_562&NAMESPACE=xmlns%28%3Dhttp%3A%2F%2Fwww.opengis.net%2Fwfs%29&OUTPUTFORMAT=text%2Fxml%3B%20subtype%3Dgml%2F3.1.1'
2015-08-13 15:39:07|   1.8|  0.0|INFORM|'http://kart.dsb.no:80/wfs.aspx?SERVICE=WFS&VERSION=1.1.0&REQUEST=DescribeFeatureType&TYPENAME=layer_394%2Clayer_395%2Clayer_511%2Clayer_307%2Clayer_309%2Clayer_562&NAMESPACE=xmlns%28%3Dhttp%3A%2F%2Fwww.opengis.net%2Fwfs%29&OUTPUTFORMAT=text%2Fxml%3B%20subtype%3Dgml%2F3.1.1' mapped to 'C:\Users\lund\AppData\Local\Temp\FME_XSD_CACHE\fmexsd_143938232473_15724.xml'
2015-08-13 15:39:07|   1.8|  0.0|INFORM|Parsing schema document 'C:\Users\lund\AppData\Local\Temp\FME_XSD_CACHE\fmexsd_143938232473_15724.xml' ...
2015-08-13 15:39:08|   1.9|  0.1|INFORM|<R_1 Reader> - Using the current GML 3.2.1 reader to read v3.1.1 and v2.1.2 documents.
2015-08-13 15:39:08|   1.9|  0.0|INFORM|<R_1 Reader> - Map Embedded Object as: 'ATTRIBUTES'
2015-08-13 15:39:08|   1.9|  0.0|INFORM|<R_1 Reader> - Map Predefined Properties: 'NO'
2015-08-13 15:39:08|   1.9|  0.0|INFORM|<R_1 Reader> - Map All Substitutable Properties: 'YES'
2015-08-13 15:39:08|   1.9|  0.0|INFORM|<R_1 Reader> - Map Complex Properties as: 'NESTED_ATTRIBUTES'
2015-08-13 15:39:08|   1.9|  0.0|INFORM|<R_1 Reader> - Add XML Namespace Prefix to Names: 'NO'
2015-08-13 15:39:08|   1.9|  0.0|INFORM|<R_1 Reader> - Limit Number of Lists in Nested Attributes: 'UNSET'
2015-08-13 15:39:08|   1.9|  0.0|INFORM|Using XSD semantics configuration file 'file:///D:/apps/FME/xml/gml_v3.2/gml_config.xml'.
2015-08-13 15:39:08|   2.1|  0.1|INFORM|Pre-processing xfMap 'C:\Users\lund\AppData\Local\Temp\WFS_Auto_Gen_xfmap1439473146894_10092.xml' with macro stylesheet 'D:\apps\FME\xfmap\xfmap_macro.xslt' into 'C:\Users\lund\AppData\Local\Temp\NOMACRO_XFMAP_1439473148162_10092.xml'
2015-08-13 15:39:08|   2.2|  0.1|INFORM|The XML Reader is using xfMap 'C:\Users\lund\AppData\Local\Temp\NOMACRO_XFMAP_1439473148162_10092.xml'
2015-08-13 15:39:08|   2.2|  0.0|INFORM|FME Configuration: Source coordinate system for reader R_1[GML] set to `EPSG:32633' as read from input data
2015-08-13 15:39:08|   2.2|  0.0|INFORM|Coordinate System `EPSG:32633' parameters: CS_NAME=`UTM84-33N' DESC_NM=`UTM-WGS 1984 datum, Zone 33 North, Meter; Cent. Meridian 15d E' DT_NAME=`WGS84' GROUP=`UTMN' MAP_SCL=`1' MAX_LAT=`90' MAX_LNG=`18.75' MIN_LAT=`-8.4' MIN_LNG=`11.25' PARM1=`15' PROJ=`TM' QUAD=`1' SCL_RED=`0.9996' SOURCE=`Snyder, J.P, 1987, Map Projections - A Working Manual' UNIT=`METER' X_OFF=`500000.0' Y_OFF=`0.0' 
2015-08-13 15:39:08|   2.3|  0.1|INFORM|Creating writer for format: PostGIS
2015-08-13 15:39:08|   2.3|  0.0|INFORM|Trying to find a DYNAMIC plugin for writer named `POSTGIS'
2015-08-13 15:39:08|   2.3|  0.0|INFORM|Loaded module 'POSTGIS' from file 'D:\apps\FME\plugins/postgis/POSTGIS.dll'
2015-08-13 15:39:08|   2.3|  0.0|INFORM|FME API version of module 'POSTGIS' matches current internal version (3.7 20141021)
2015-08-13 15:39:08|   2.3|  0.0|INFORM|FME Configuration: No destination coordinate system set
2015-08-13 15:39:08|   2.3|  0.0|INFORM|FME API version of module 'POSTGIS' matches current internal version (3.7 20141021)
2015-08-13 15:39:08|   2.3|  0.0|INFORM|Writer `POSTGIS_1' of type `POSTGIS' using group definition keyword `POSTGIS_1_DEF'
2015-08-13 15:39:08|   2.3|  0.0|INFORM|FME API version of module 'POSTGIS' matches current internal version (3.7 20141021)
2015-08-13 15:39:08|   2.3|  0.0|INFORM|Opening POSTGIS writer for dataset 'dsb'...
2015-08-13 15:39:08|   2.3|  0.0|INFORM|PostGIS client encoding: 'UTF8'
2015-08-13 15:39:08|   2.3|  0.0|INFORM|PostgreSQL 9.4.4, compiled by Visual C++ build 1800, 64-bit
2015-08-13 15:39:08|   2.3|  0.0|INFORM|2.1 USE_GEOS=1 USE_PROJ=1 USE_STATS=1
2015-08-13 15:39:08|   2.3|  0.0|INFORM|Testing for the existence of table 'public.brannstasjoner'...
2015-08-13 15:39:08|   2.3|  0.0|INFORM|Using existing table 'public.brannstasjoner'
2015-08-13 15:39:08|   2.3|  0.0|INFORM|POSTGIS Writer: Creating 'unquoted WKB' geometry processor for feature type 'brannstasjoner'
2015-08-13 15:39:08|   2.3|  0.0|INFORM|POSTGIS Writer: Creating 'streaming Bulk Copy' feature type processor for feature type 'brannstasjoner'
2015-08-13 15:39:08|   2.7|  0.4|INFORM|Testing for the existence of table 'public.brannstasjonkasernering'...
2015-08-13 15:39:08|   2.8|  0.0|INFORM|Using existing table 'public.brannstasjonkasernering'
2015-08-13 15:39:08|   2.8|  0.0|INFORM|POSTGIS Writer: Creating 'unquoted WKB' geometry processor for feature type 'brannstasjonkasernering'
2015-08-13 15:39:08|   2.8|  0.0|INFORM|POSTGIS Writer: Creating 'batched Bulk Copy' feature type processor for feature type 'brannstasjonkasernering'
2015-08-13 15:39:09|   2.8|  0.1|INFORM|Committed transaction at feature '1000'
2015-08-13 15:39:09|   3.1|  0.2|INFORM|Testing for the existence of table 'public.sivilforsvaret_distriktskontor'...
2015-08-13 15:39:09|   3.1|  0.0|INFORM|Using existing table 'public.sivilforsvaret_distriktskontor'
2015-08-13 15:39:09|   3.1|  0.0|INFORM|POSTGIS Writer: Creating 'unquoted WKB' geometry processor for feature type 'sivilforsvaret_distriktskontor'
2015-08-13 15:39:09|   3.1|  0.0|INFORM|POSTGIS Writer: Creating 'batched Bulk Copy' feature type processor for feature type 'sivilforsvaret_distriktskontor'
2015-08-13 15:39:09|   3.1|  0.0|INFORM|Testing for the existence of table 'public.brannstasjoner_utf8'...
2015-08-13 15:39:09|   3.1|  0.0|INFORM|Using existing table 'public.brannstasjoner_utf8'
2015-08-13 15:39:09|   3.1|  0.0|INFORM|POSTGIS Writer: Creating 'unquoted WKB' geometry processor for feature type 'brannstasjoner_utf8'
2015-08-13 15:39:09|   3.1|  0.0|INFORM|POSTGIS Writer: Creating 'batched Bulk Copy' feature type processor for feature type 'brannstasjoner_utf8'
2015-08-13 15:39:09|   3.3|  0.2|INFORM|Committed transaction at feature '2000'
2015-08-13 15:39:09|   3.4|  0.1|INFORM|Testing for the existence of table 'public.sentraldistrikter110'...
2015-08-13 15:39:09|   3.4|  0.0|INFORM|Dropping existing table 'public.sentraldistrikter110'...
2015-08-13 15:39:09|   3.4|  0.0|INFORM|Creating table 'public.sentraldistrikter110'...
2015-08-13 15:39:09|   3.4|  0.0|INFORM|POSTGIS Writer: Creating 'unquoted WKB' geometry processor for feature type 'sentraldistrikter110'
2015-08-13 15:39:09|   3.4|  0.0|INFORM|POSTGIS Writer: Creating 'batched Bulk Copy' feature type processor for feature type 'sentraldistrikter110'
2015-08-13 15:39:09|   3.4|  0.0|INFORM|Testing for the existence of table 'public.sivilforsvarsdistrikter'...
2015-08-13 15:39:09|   3.4|  0.0|INFORM|Using existing table 'public.sivilforsvarsdistrikter'
2015-08-13 15:39:09|   3.4|  0.0|INFORM|POSTGIS Writer: Creating 'unquoted WKB' geometry processor for feature type 'sivilforsvarsdistrikter'
2015-08-13 15:39:09|   3.4|  0.0|INFORM|POSTGIS Writer: Creating 'batched Bulk Copy' feature type processor for feature type 'sivilforsvarsdistrikter'
2015-08-13 15:39:09|   3.4|  0.0|INFORM|HTTP transfer summary - download-size: '2508392 bytes', download-time: '2.406 seconds', url: 'http://kart.dsb.no:80/wfs.aspx?SERVICE=WFS&VERSION=1.1.0&REQUEST=GetFeature&TYPENAME=layer_394%2Clayer_395%2Clayer_511%2Clayer_307%2Clayer_309%2Clayer_562&NAMESPACE=xmlns%28%3Dhttp%3A%2F%2Fwww.opengis.net%2Fwfs%29&OUTPUTFORMAT=text%2Fxml%3B%20subtype%3Dgml%2F3.1.1&MAXFEATURES=30000'
2015-08-13 15:39:09|   3.4|  0.0|INFORM|Emptying factory pipeline
2015-08-13 15:39:09|   3.4|  0.0|STATS |Router and Unexpected Input Remover(RoutingFactory): Tested 2340 input feature(s), wrote 2340 output feature(s): 2340 matched merge filters, 2340 were routed to output, 0 could not be routed.
2015-08-13 15:39:09|   3.4|  0.0|STATS |Unexpected Input Remover Nuker(TeeFactory): Cloned 0 input feature(s) into 0 output feature(s)
2015-08-13 15:39:09|   3.4|  0.0|STATS |layer_309 Feature Counter -1 15(TeeFactory): Cloned 22 input feature(s) into 22 output feature(s)
2015-08-13 15:39:09|   3.4|  0.0|STATS |layer_394 Feature Counter -1 16(TeeFactory): Cloned 760 input feature(s) into 760 output feature(s)
2015-08-13 15:39:09|   3.4|  0.0|STATS |layer_395 Feature Counter -1 17(TeeFactory): Cloned 760 input feature(s) into 760 output feature(s)
2015-08-13 15:39:09|   3.4|  0.0|STATS |layer_511 Feature Counter -1 18(TeeFactory): Cloned 760 input feature(s) into 760 output feature(s)
2015-08-13 15:39:09|   3.4|  0.0|STATS |layer_562 Feature Counter -1 19(TeeFactory): Cloned 18 input feature(s) into 18 output feature(s)
2015-08-13 15:39:09|   3.4|  0.0|STATS |layer_307 Feature Counter -1 14(TeeFactory): Cloned 20 input feature(s) into 20 output feature(s)
2015-08-13 15:39:09|   3.4|  0.0|STATS |Destination Feature Type Routing Correlator(RoutingFactory): Tested 2340 input feature(s), wrote 2340 output feature(s): 0 matched merge filters, 2340 were routed to output, 0 could not be routed.
2015-08-13 15:39:09|   3.4|  0.0|STATS |Final Output Nuker(TeeFactory): Cloned 0 input feature(s) into 0 output feature(s)
2015-08-13 15:39:09|   3.4|  0.0|INFORM|=-=-=-=-=-=-=-=-=-=-=-=-=-=-=-=-=-=-=-=-=-=-=-=-=-=-=-=-=-=-=-=-=-=-=-=-=-=-=-
2015-08-13 15:39:09|   3.4|  0.0|INFORM|Feature output statistics for `FFS' writer using keyword `W_1':
2015-08-13 15:39:09|   3.4|  0.0|STATS |=-=-=-=-=-=-=-=-=-=-=-=-=-=-=-=-=-=-=-=-=-=-=-=-=-=-=-=-=-=-=-=-=-=-=-=-=-=-=-
2015-08-13 15:39:09|   3.4|  0.0|STATS |                               Features Written
2015-08-13 15:39:09|   3.4|  0.0|STATS |=-=-=-=-=-=-=-=-=-=-=-=-=-=-=-=-=-=-=-=-=-=-=-=-=-=-=-=-=-=-=-=-=-=-=-=-=-=-=-
2015-08-13 15:39:09|   3.4|  0.0|STATS |==============================================================================
2015-08-13 15:39:09|   3.4|  0.0|STATS |Total Features Written                                                       0
2015-08-13 15:39:09|   3.4|  0.0|STATS |=-=-=-=-=-=-=-=-=-=-=-=-=-=-=-=-=-=-=-=-=-=-=-=-=-=-=-=-=-=-=-=-=-=-=-=-=-=-=-
2015-08-13 15:39:09|   3.5|  0.0|INFORM|Successfully closed POSTGIS database writer
2015-08-13 15:39:09|   3.5|  0.0|INFORM|=-=-=-=-=-=-=-=-=-=-=-=-=-=-=-=-=-=-=-=-=-=-=-=-=-=-=-=-=-=-=-=-=-=-=-=-=-=-=-
2015-08-13 15:39:09|   3.5|  0.0|INFORM|Feature output statistics for `POSTGIS' writer using keyword `POSTGIS_1':
2015-08-13 15:39:09|   3.5|  0.0|STATS |=-=-=-=-=-=-=-=-=-=-=-=-=-=-=-=-=-=-=-=-=-=-=-=-=-=-=-=-=-=-=-=-=-=-=-=-=-=-=-
2015-08-13 15:39:09|   3.5|  0.0|STATS |                               Features Written
2015-08-13 15:39:09|   3.5|  0.0|STATS |=-=-=-=-=-=-=-=-=-=-=-=-=-=-=-=-=-=-=-=-=-=-=-=-=-=-=-=-=-=-=-=-=-=-=-=-=-=-=-
2015-08-13 15:39:09|   3.5|  0.0|STATS |brannstasjoner                                                             760
2015-08-13 15:39:09|   3.5|  0.0|STATS |brannstasjoner_utf8                                                        760
2015-08-13 15:39:09|   3.5|  0.0|STATS |brannstasjonkasernering                                                    760
2015-08-13 15:39:09|   3.5|  0.0|STATS |sentraldistrikter110                                                        18
2015-08-13 15:39:09|   3.5|  0.0|STATS |sivilforsvaret_distriktskontor                                              22
2015-08-13 15:39:09|   3.5|  0.0|STATS |sivilforsvarsdistrikter                                                     20
2015-08-13 15:39:09|   3.5|  0.0|STATS |==============================================================================
2015-08-13 15:39:09|   3.5|  0.0|STATS |Total Features Written                                                    2340
2015-08-13 15:39:09|   3.5|  0.0|STATS |=-=-=-=-=-=-=-=-=-=-=-=-=-=-=-=-=-=-=-=-=-=-=-=-=-=-=-=-=-=-=-=-=-=-=-=-=-=-=-
2015-08-13 15:39:09|   3.5|  0.0|STATS |=-=-=-=-=-=-=-=-=-=-=-=-=-=-=-=-=-=-=-=-=-=-=-=-=-=-=-=-=-=-=-=-=-=-=-=-=-=-=-
2015-08-13 15:39:09|   3.5|  0.0|STATS |                            Features Read Summary
2015-08-13 15:39:09|   3.5|  0.0|STATS |=-=-=-=-=-=-=-=-=-=-=-=-=-=-=-=-=-=-=-=-=-=-=-=-=-=-=-=-=-=-=-=-=-=-=-=-=-=-=-
2015-08-13 15:39:09|   3.5|  0.0|STATS |layer_307                                                                   20
2015-08-13 15:39:09|   3.5|  0.0|STATS |layer_309                                                                   22
2015-08-13 15:39:09|   3.5|  0.0|STATS |layer_394                                                                  760
2015-08-13 15:39:09|   3.5|  0.0|STATS |layer_395                                                                  760
2015-08-13 15:39:09|   3.5|  0.0|STATS |layer_511                                                                  760
2015-08-13 15:39:09|   3.5|  0.0|STATS |layer_562                                                                   18
2015-08-13 15:39:09|   3.5|  0.0|STATS |==============================================================================
2015-08-13 15:39:09|   3.5|  0.0|STATS |Total Features Read                                                       2340
2015-08-13 15:39:09|   3.5|  0.0|STATS |=-=-=-=-=-=-=-=-=-=-=-=-=-=-=-=-=-=-=-=-=-=-=-=-=-=-=-=-=-=-=-=-=-=-=-=-=-=-=-
2015-08-13 15:39:09|   3.5|  0.0|STATS |=-=-=-=-=-=-=-=-=-=-=-=-=-=-=-=-=-=-=-=-=-=-=-=-=-=-=-=-=-=-=-=-=-=-=-=-=-=-=-
2015-08-13 15:39:09|   3.5|  0.0|STATS |                           Features Written Summary
2015-08-13 15:39:09|   3.5|  0.0|STATS |=-=-=-=-=-=-=-=-=-=-=-=-=-=-=-=-=-=-=-=-=-=-=-=-=-=-=-=-=-=-=-=-=-=-=-=-=-=-=-
2015-08-13 15:39:09|   3.5|  0.0|STATS |brannstasjoner                                                             760
2015-08-13 15:39:09|   3.5|  0.0|STATS |brannstasjoner_utf8                                                        760
2015-08-13 15:39:09|   3.5|  0.0|STATS |brannstasjonkasernering                                                    760
2015-08-13 15:39:09|   3.5|  0.0|STATS |sentraldistrikter110                                                        18
2015-08-13 15:39:09|   3.5|  0.0|STATS |sivilforsvaret_distriktskontor                                              22
2015-08-13 15:39:09|   3.5|  0.0|STATS |sivilforsvarsdistrikter                                                     20
2015-08-13 15:39:09|   3.5|  0.0|STATS |==============================================================================
2015-08-13 15:39:09|   3.5|  0.0|STATS |Total Features Written                                                    2340
2015-08-13 15:39:09|   3.5|  0.0|STATS |=-=-=-=-=-=-=-=-=-=-=-=-=-=-=-=-=-=-=-=-=-=-=-=-=-=-=-=-=-=-=-=-=-=-=-=-=-=-=-
2015-08-13 15:39:09|   3.5|  0.0|INFORM|Translation was SUCCESSFUL with 0 warning(s) (2340 feature(s) output)
2015-08-13 15:39:09|   3.5|  0.0|INFORM|FME Session Duration: 4.7 seconds. (CPU: 2.0s user, 0.4s system)
2015-08-13 15:39:09|   3.5|  0.0|INFORM|END - ProcessID: 10092, peak process memory usage: 126100 kB, current process memory usage: 117280 kB
