2015-08-20 11:07:16|   1.1|  1.1|INFORM|FME 2015.1.1.0 (20150715 - Build 15515 - WIN64)
2015-08-20 11:07:16|   1.1|  0.0|INFORM|FME_HOME is 'C:\Program Files\FME\'
2015-08-20 11:07:16|   1.1|  0.0|INFORM|FME Desktop ESRI Edition (floating)
2015-08-20 11:07:16|   1.1|  0.0|INFORM|Permanent License.
2015-08-20 11:07:16|   1.1|  0.0|INFORM|Machine host name is: WSXMALAND1
2015-08-20 11:07:16|   1.1|  0.0|INFORM|START - ProcessID: 12368, peak process memory usage: 49680 kB, current process memory usage: 49680 kB
2015-08-20 11:07:16|   1.1|  0.0|INFORM|FME Configuration: Command line arguments are `C:\Program Files\FME\fme.exe' `C:/Users/xmaland/Documents/GitHub/geonorge/geonorge/DSB\wb-xlate-1440061634860_10928' `LOG_STANDARDOUT' `YES' `LogCountServerName' `{fe7bf533-50f4-447f-8748-4ecaf72e3d55}'
2015-08-20 11:07:16|   1.1|  0.0|INFORM|Shared folders for formats are : C:\Program Files\FME\datasources;C:\Users\xmaland\Documents\GitHub\geonorge\Formats;C:\Users\xmaland\Documents\FME\Formats
2015-08-20 11:07:16|   1.1|  0.0|INFORM|Shared folders for transformers are : C:\Program Files\FME\transformers;C:\Users\xmaland\Documents\GitHub\geonorge\Transformers;C:\Users\xmaland\Documents\FME\Transformers
2015-08-20 11:07:16|   1.1|  0.0|INFORM|Shared folders for coordinate systems are : C:\Users\xmaland\Documents\GitHub\geonorge\CoordinateSystems;C:\Users\xmaland\Documents\FME\CoordinateSystems
2015-08-20 11:07:16|   1.1|  0.0|INFORM|Shared folders for coordinate system exceptions are : C:\Users\xmaland\Documents\GitHub\geonorge\CoordinateSystemExceptions;C:\Users\xmaland\Documents\FME\CoordinateSystemExceptions
2015-08-20 11:07:16|   1.1|  0.0|INFORM|Shared folders for coordinate system grid overrides are : C:\Users\xmaland\Documents\GitHub\geonorge\CoordinateSystemGridOverrides;C:\Users\xmaland\Documents\FME\CoordinateSystemGridOverrides
2015-08-20 11:07:16|   1.1|  0.0|INFORM|Shared folders for CS-MAP transformation exceptions are : C:\Users\xmaland\Documents\GitHub\geonorge\CsmapTransformationExceptions;C:\Users\xmaland\Documents\FME\CsmapTransformationExceptions
2015-08-20 11:07:16|   1.1|  0.0|INFORM|Shared folders for transformer categories are : C:\Users\xmaland\Documents\GitHub\geonorge\TransformerCategories;C:\Users\xmaland\Documents\FME\TransformerCategories
2015-08-20 11:07:16|   1.1|  0.0|INFORM|FME Configuration: Reader Keyword is `WFS_1'
2015-08-20 11:07:16|   1.1|  0.0|INFORM|FME Configuration: Writer Keyword is `MULTI_WRITER'
2015-08-20 11:07:16|   1.1|  0.0|INFORM|FME Configuration: Writer Group Definition Keyword is `MULTI_WRITER_DEF'
2015-08-20 11:07:16|   1.1|  0.0|INFORM|FME Configuration: Reader type is `WFS'
2015-08-20 11:07:16|   1.1|  0.0|INFORM|FME Configuration: Writer type is `MULTI_WRITER'
2015-08-20 11:07:16|   1.1|  0.0|INFORM|FME Configuration: No destination coordinate system set
2015-08-20 11:07:16|   1.1|  0.0|INFORM|FME Configuration: Current working folder is `C:\Users\xmaland\Documents\GitHub\geonorge\geonorge\DSB'
2015-08-20 11:07:16|   1.1|  0.0|INFORM|FME Configuration: Temporary folder is `C:\Users\xmaland\AppData\Local\Temp'
2015-08-20 11:07:16|   1.1|  0.0|INFORM|FME Configuration: FME_HOME is `C:\Program Files\FME\'
2015-08-20 11:07:16|   1.1|  0.0|INFORM|FME Configuration: FME_BASE is 'no'
2015-08-20 11:07:16|   1.1|  0.0|INFORM|FME Configuration: FME_MF_DIR is 'C:\Users\xmaland\Documents\GitHub\geonorge\geonorge\DSB/'
2015-08-20 11:07:16|   1.1|  0.0|INFORM|FME Configuration: FME_MF_NAME is 'DSBwfs2postgisKartverket.fmw'
2015-08-20 11:07:16|   1.1|  0.0|INFORM|FME Configuration: FME_PRODUCT_NAME is 'FME(R) 2015.1.1.0'
2015-08-20 11:07:16|   1.1|  0.0|INFORM|System Status: 158.26 GB of disk space available in the FME temporary folder (C:\Users\xmaland\AppData\Local\Temp)
2015-08-20 11:07:16|   1.1|  0.0|INFORM|System Status: 8.00 TB of virtual memory available
2015-08-20 11:07:16|   1.1|  0.0|INFORM|Operating System: Microsoft Windows 7 64-bit Service Pack 1 (Build 7601)
2015-08-20 11:07:16|   1.1|  0.0|INFORM|FME Platform: WIN64
2015-08-20 11:07:16|   1.1|  0.0|INFORM|Locale: nb_NO
2015-08-20 11:07:16|   1.1|  0.0|INFORM|Code Page: 1252  (ANSI - Latin I)
2015-08-20 11:07:16|   1.1|  0.0|INFORM|FME Configuration: Process limits are 15.77 GB of physical memory and 8.00 TB of address space
2015-08-20 11:07:16|   1.1|  0.0|INFORM|FME Configuration: Start freeing memory when process usage exceeds 9.46 GB of memory or 8.00 TB of address space
2015-08-20 11:07:16|   1.1|  0.0|INFORM|FME Configuration: Stop freeing memory when process usage is below 7.10 GB of memory and 6.00 TB of address space
2015-08-20 11:07:16|   1.2|  0.0|INFORM|Creating writer for format: 
2015-08-20 11:07:16|   1.2|  0.0|INFORM|Creating reader for format: WFS (Web Feature Service)
2015-08-20 11:07:16|   1.2|  0.0|INFORM|Trying to find a DYNAMIC plugin for reader named `WFS'
2015-08-20 11:07:16|   1.2|  0.0|INFORM|FME Configuration: Source coordinate system for reader WFS_1[WFS] set to `EPSG:32633'
2015-08-20 11:07:16|   1.3|  0.1|INFORM|Coordinate System `EPSG:32633' parameters: CS_NAME=`UTM84-33N' DESC_NM=`UTM-WGS 1984 datum, Zone 33 North, Meter; Cent. Meridian 15d E' DT_NAME=`WGS84' GROUP=`UTMN' MAP_SCL=`1' MAX_LAT=`90' MAX_LNG=`18.75' MIN_LAT=`-8.4' MIN_LNG=`11.25' PARM1=`15' PROJ=`TM' QUAD=`1' SCL_RED=`0.9996' SOURCE=`Snyder, J.P, 1987, Map Projections - A Working Manual' UNIT=`METER' X_OFF=`500000.0' Y_OFF=`0.0' 
2015-08-20 11:07:16|   1.3|  0.0|INFORM|Loaded module 'WFS' from file 'C:\Program Files\FME\plugins/WFS.dll'
2015-08-20 11:07:16|   1.3|  0.0|INFORM|FME API version of module 'WFS' matches current internal version (3.7 20150407)
2015-08-20 11:07:16|   1.3|  0.0|INFORM|<WFS> Capabilities URL: `http://kart.dsb.no:80/wfs.aspx?SERVICE=WFS&REQUEST=GetCapabilities&VERSION=1.1.0'
2015-08-20 11:07:16|   1.3|  0.0|INFORM|Received HTTP response header: 'HTTP/1.1 200 OK'
2015-08-20 11:07:16|   1.3|  0.0|INFORM|Received HTTP response header: 'Cache-Control: private'
2015-08-20 11:07:16|   1.3|  0.0|INFORM|Received HTTP response header: 'Content-Type: text/xml; charset=utf-8'
2015-08-20 11:07:16|   1.3|  0.0|INFORM|Received HTTP response header: 'Server: Microsoft-IIS/7.5'
2015-08-20 11:07:16|   1.3|  0.0|INFORM|Received HTTP response header: 'Set-Cookie: ASP.NET_SessionId=0dyhe1wbrkvhwmjmko2li4l3; path=/; HttpOnly'
2015-08-20 11:07:16|   1.3|  0.0|INFORM|Received HTTP response header: 'Access-Control-Allow-Origin: *'
2015-08-20 11:07:16|   1.3|  0.0|INFORM|Received HTTP response header: 'X-AspNet-Version: 4.0.30319'
2015-08-20 11:07:16|   1.3|  0.0|INFORM|Received HTTP response header: 'X-Powered-By: ASP.NET'
2015-08-20 11:07:16|   1.3|  0.0|INFORM|Received HTTP response header: 'Date: Thu, 20 Aug 2015 09:07:57 GMT'
2015-08-20 11:07:16|   1.3|  0.0|INFORM|Received HTTP response header: 'Content-Length: 10150'
2015-08-20 11:07:16|   1.3|  0.0|INFORM|HTTP/FTP Transfer: Downloading resource 'http://kart.dsb.no:80/wfs.aspx?SERVICE=WFS&REQUEST=GetCapabilities&VERSION=1.1.0' to local file 'C:\Users\xmaland\AppData\Local\Temp\WFSCapability_1440061636570_12368.xml'
2015-08-20 11:07:16|   1.3|  0.0|INFORM|HTTP transfer summary - status code: 200, download size: '10150 bytes', DNS lookup time: '0.015 seconds', total transfer time: '0.374 seconds', url: 'http://kart.dsb.no:80/wfs.aspx?SERVICE=WFS&REQUEST=GetCapabilities&VERSION=1.1.0'
2015-08-20 11:07:16|   1.3|  0.0|INFORM|FME Configuration: Using FME Reprojection Engine
2015-08-20 11:07:16|   1.3|  0.0|INFORM|<WFS> DescribeFeatureType URL: `http://kart.dsb.no:80/wfs.aspx?SERVICE=WFS&VERSION=1.1.0&REQUEST=DescribeFeatureType&TYPENAME=layer_511%2Clayer_307%2Clayer_309%2Clayer_562&NAMESPACE=xmlns%28%3Dhttp%3A%2F%2Fwww.opengis.net%2Fwfs%29&OUTPUTFORMAT=text%2Fxml%3B%20subtype%3Dgml%2F3.1.1%20encoding%3DUTF-8'
2015-08-20 11:07:16|   1.3|  0.0|INFORM|<WFS> GetFeature URL: `http://kart.dsb.no:80/wfs.aspx?SERVICE=WFS&VERSION=1.1.0&REQUEST=GetFeature&TYPENAME=layer_511%2Clayer_307%2Clayer_309%2Clayer_562&NAMESPACE=xmlns%28%3Dhttp%3A%2F%2Fwww.opengis.net%2Fwfs%29&OUTPUTFORMAT=text%2Fxml%3B%20subtype%3Dgml%2F3.1.1%20encoding%3DUTF-8&MAXFEATURES=30000'
2015-08-20 11:07:17|   1.4|  0.1|INFORM|Creating reader for format: GML (Geography Markup Language)
2015-08-20 11:07:17|   1.4|  0.0|INFORM|Trying to find a DYNAMIC plugin for reader named `GML'
2015-08-20 11:07:17|   1.5|  0.0|INFORM|Loaded module 'GML' from file 'C:\Program Files\FME\plugins/GML.dll'
2015-08-20 11:07:17|   1.5|  0.0|INFORM|FME API version of module 'GML' matches current internal version (3.7 20150407)
2015-08-20 11:07:17|   1.5|  0.0|INFORM|Using MultiWriter $Revision$ ( $Date$ ) with keyword `MULTI_WRITER' to output data (ID_ATTRIBUTE is `multi_writer_id')
2015-08-20 11:07:17|   1.5|  0.0|INFORM|Writer output will be ordered by value of multi_writer_id
2015-08-20 11:07:17|   1.5|  0.0|INFORM|Loaded module 'LogCount_func' from file 'C:\Program Files\FME\plugins/LogCount_func.dll'
2015-08-20 11:07:17|   1.5|  0.0|INFORM|FME API version of module 'LogCount_func' matches current internal version (3.7 20150407)
2015-08-20 11:07:17|   1.5|  0.0|INFORM|Creating writer for format: FME Feature Store (FFS)
2015-08-20 11:07:17|   1.5|  0.0|INFORM|FME Configuration: No destination coordinate system set
2015-08-20 11:07:17|   1.5|  0.0|INFORM|The uri-map document 'C:\Program Files\FME\xml\urimap\gml_aixm.xml' is being used to map from URI to URI
2015-08-20 11:07:17|   1.5|  0.0|INFORM|The uri-map document 'C:\Program Files\FME\xml\urimap\gml_citygml.xml' is being used to map from URI to URI
2015-08-20 11:07:17|   1.5|  0.0|INFORM|The uri-map document 'C:\Program Files\FME\xml\urimap\gml_inspire.xml' is being used to map from URI to URI
2015-08-20 11:07:17|   1.5|  0.0|INFORM|The uri-map document 'C:\Program Files\FME\xml\urimap\gml_urimap.xml' is being used to map from URI to URI
2015-08-20 11:07:17|   1.5|  0.0|INFORM|Sending HTTP 'GET' request to 'http://kart.dsb.no:80/wfs.aspx?SERVICE=WFS&VERSION=1.1.0&REQUEST=GetFeature&TYPENAME=layer_511%2Clayer_307%2Clayer_309%2Clayer_562&NAMESPACE=xmlns%28%3Dhttp%3A%2F%2Fwww.opengis.net%2Fwfs%29&OUTPUTFORMAT=text%2Fxml%3B%20subtype%3Dgml%2F3.1.1%20encoding%3DUTF-8&MAXFEATURES=30000', waiting for response ...
2015-08-20 11:07:17|   1.5|  0.0|INFORM|Received HTTP response header: 'HTTP/1.1 200 OK'
2015-08-20 11:07:17|   1.5|  0.0|INFORM|Received HTTP response header: 'Cache-Control: private'
2015-08-20 11:07:17|   1.5|  0.0|INFORM|Received HTTP response header: 'Content-Type: text/xml; charset=utf-8'
2015-08-20 11:07:17|   1.5|  0.0|INFORM|Received HTTP response header: 'Server: Microsoft-IIS/7.5'
2015-08-20 11:07:17|   1.5|  0.0|INFORM|Received HTTP response header: 'Set-Cookie: ASP.NET_SessionId=n1b0124bufvx5i4oecmbhwmn; path=/; HttpOnly'
2015-08-20 11:07:17|   1.5|  0.0|INFORM|Received HTTP response header: 'Access-Control-Allow-Origin: *'
2015-08-20 11:07:17|   1.5|  0.0|INFORM|Received HTTP response header: 'X-AspNet-Version: 4.0.30319'
2015-08-20 11:07:17|   1.5|  0.0|INFORM|Received HTTP response header: 'X-Powered-By: ASP.NET'
2015-08-20 11:07:17|   1.5|  0.0|INFORM|Received HTTP response header: 'Date: Thu, 20 Aug 2015 09:07:57 GMT'
2015-08-20 11:07:17|   1.5|  0.0|INFORM|Received HTTP response header: 'Content-Length: 1064064'
2015-08-20 11:07:17|   1.5|  0.0|INFORM|URI 'http://kart.dsb.no:80/wfs.aspx?SERVICE=WFS&VERSION=1.1.0&REQUEST=DescribeFeatureType&TYPENAME=layer_511%2Clayer_307%2Clayer_309%2Clayer_562&NAMESPACE=xmlns%28%3Dhttp%3A%2F%2Fwww.opengis.net%2Fwfs%29&OUTPUTFORMAT=text%2Fxml%3B%20subtype%3Dgml%2F3.1.1%20encoding%3DUTF-8' mapped to 'http://kart.dsb.no:80/wfs.aspx?SERVICE=WFS&VERSION=1.1.0&REQUEST=DescribeFeatureType&TYPENAME=layer_511%2Clayer_307%2Clayer_309%2Clayer_562&NAMESPACE=xmlns%28%3Dhttp%3A%2F%2Fwww.opengis.net%2Fwfs%29&OUTPUTFORMAT=text%2Fxml%3B%20subtype%3Dgml%2F3.1.1%20encoding%3DUTF-8'
2015-08-20 11:07:17|   1.5|  0.0|INFORM|'http://kart.dsb.no:80/wfs.aspx?SERVICE=WFS&VERSION=1.1.0&REQUEST=DescribeFeatureType&TYPENAME=layer_511%2Clayer_307%2Clayer_309%2Clayer_562&NAMESPACE=xmlns%28%3Dhttp%3A%2F%2Fwww.opengis.net%2Fwfs%29&OUTPUTFORMAT=text%2Fxml%3B%20subtype%3Dgml%2F3.1.1%20encoding%3DUTF-8' mapped to 'C:\Users\xmaland\AppData\Local\Temp\FME_XSD_CACHE\fmexsd_1440055452125_12816.xml'
2015-08-20 11:07:17|   1.5|  0.0|INFORM|Parsing schema document 'C:\Users\xmaland\AppData\Local\Temp\FME_XSD_CACHE\fmexsd_1440055452125_12816.xml' ...
2015-08-20 11:07:17|   1.6|  0.0|INFORM|<R_1 Reader> - Using the current GML 3.2.1 reader to read v3.1.1 and v2.1.2 documents.
2015-08-20 11:07:17|   1.6|  0.0|INFORM|<R_1 Reader> - Map Embedded Object as: 'ATTRIBUTES'
2015-08-20 11:07:17|   1.6|  0.0|INFORM|<R_1 Reader> - Map Predefined Properties: 'NO'
2015-08-20 11:07:17|   1.6|  0.0|INFORM|<R_1 Reader> - Map All Substitutable Properties: 'YES'
2015-08-20 11:07:17|   1.6|  0.0|INFORM|<R_1 Reader> - Map Complex Properties as: 'NESTED_ATTRIBUTES'
2015-08-20 11:07:17|   1.6|  0.0|INFORM|<R_1 Reader> - Add XML Namespace Prefix to Names: 'NO'
2015-08-20 11:07:17|   1.6|  0.0|INFORM|<R_1 Reader> - Limit Number of Lists in Nested Attributes: 'UNSET'
2015-08-20 11:07:17|   1.6|  0.0|INFORM|Using XSD semantics configuration file 'file:///C:/Program Files/FME/xml/gml_v3.2/gml_config.xml'.
2015-08-20 11:07:17|   1.7|  0.1|INFORM|Pre-processing xfMap 'C:\Users\xmaland\AppData\Local\Temp\WFS_Auto_Gen_xfmap1440061636955_12368.xml' with macro stylesheet 'C:\Program Files\FME\xfmap\xfmap_macro.xslt' into 'C:\Users\xmaland\AppData\Local\Temp\NOMACRO_XFMAP_1440061637785_12368.xml'
2015-08-20 11:07:17|   1.7|  0.0|INFORM|The XML Reader is using xfMap 'C:\Users\xmaland\AppData\Local\Temp\NOMACRO_XFMAP_1440061637785_12368.xml'
2015-08-20 11:07:17|   1.7|  0.0|INFORM|FME Configuration: Source coordinate system for reader R_1[GML] set to `EPSG:32633' as read from input data
2015-08-20 11:07:17|   1.7|  0.0|INFORM|Coordinate System `EPSG:32633' parameters: CS_NAME=`UTM84-33N' DESC_NM=`UTM-WGS 1984 datum, Zone 33 North, Meter; Cent. Meridian 15d E' DT_NAME=`WGS84' GROUP=`UTMN' MAP_SCL=`1' MAX_LAT=`90' MAX_LNG=`18.75' MIN_LAT=`-8.4' MIN_LNG=`11.25' PARM1=`15' PROJ=`TM' QUAD=`1' SCL_RED=`0.9996' SOURCE=`Snyder, J.P, 1987, Map Projections - A Working Manual' UNIT=`METER' X_OFF=`500000.0' Y_OFF=`0.0' 
2015-08-20 11:07:17|   1.8|  0.1|INFORM|CS-MAP Reprojector: Transformation will be automatically selected for 'EPSG:32633' -> 'EPSG:25833', and is not guaranteed to remain the same in future releases of FME
2015-08-20 11:07:17|   1.8|  0.0|INFORM|Reprojector: Using transformation `ETRS89/01_to_WGS84,Inverse(Geocentric)' when reprojecting from EPSG:32633 to EPSG:25833
2015-08-20 11:07:18|   1.9|  0.1|INFORM|Creating writer for format: PostGIS
2015-08-20 11:07:18|   1.9|  0.0|INFORM|Trying to find a DYNAMIC plugin for writer named `POSTGIS'
2015-08-20 11:07:18|   1.9|  0.0|INFORM|Loaded module 'POSTGIS' from file 'C:\Program Files\FME\plugins/POSTGIS.dll'
2015-08-20 11:07:18|   1.9|  0.0|INFORM|FME API version of module 'POSTGIS' matches current internal version (3.7 20150407)
2015-08-20 11:07:18|   1.9|  0.0|INFORM|FME Configuration: Destination coordinate system set to `EPSG:25833'
2015-08-20 11:07:18|   1.9|  0.0|INFORM|Coordinate System `EPSG:25833' parameters: CS_NAME=`ETRS89.UTM-33N' DESC_NM=`Transverse Mercator (ETRS89-TM33)' DT_NAME=`ETRS89/01' GROUP=`UTMN' MAP_SCL=`1' MAX_LAT=`84.5' MAX_LNG=`22.1333333333333' MIN_LAT=`31.05' MIN_LNG=`10.8833333333333' PARM1=`15' PROJ=`TM' QUAD=`1' SCL_RED=`0.9996' SOURCE=`EPSG, V6.3, 25833 [Large and medium scale topographic mappi]' UNIT=`Meter' X_OFF=`500000' Y_OFF=`0.0' ZERO_X=`0.0001' ZERO_Y=`0.0001' 
2015-08-20 11:07:18|   1.9|  0.0|INFORM|FME API version of module 'POSTGIS' matches current internal version (3.7 20150407)
2015-08-20 11:07:18|   1.9|  0.0|INFORM|Writer `POSTGIS_1' of type `POSTGIS' using group definition keyword `POSTGIS_1_DEF'
2015-08-20 11:07:18|   1.9|  0.0|INFORM|FME API version of module 'POSTGIS' matches current internal version (3.7 20150407)
2015-08-20 11:07:18|   1.9|  0.0|INFORM|Opening POSTGIS writer for dataset 'geonor01tst'...
2015-08-20 11:07:18|   1.9|  0.0|INFORM|PostGIS client encoding: 'UTF8'
2015-08-20 11:07:18|   1.9|  0.0|INFORM|PostgreSQL 9.4.4 on x86_64-unknown-linux-gnu, compiled by gcc (GCC) 4.4.7 20120313 (Red Hat 4.4.7-11), 64-bit
2015-08-20 11:07:18|   1.9|  0.0|INFORM|2.1 USE_GEOS=1 USE_PROJ=1 USE_STATS=1
2015-08-20 11:07:18|   1.9|  0.0|INFORM|Testing for the existence of table 'dsb.sivilforsvaret_distriktskontor'...
2015-08-20 11:07:18|   1.9|  0.0|INFORM|Dropping existing table 'dsb.sivilforsvaret_distriktskontor'...
2015-08-20 11:07:18|   1.9|  0.0|INFORM|Creating table 'dsb.sivilforsvaret_distriktskontor'...
2015-08-20 11:07:18|   1.9|  0.0|INFORM|POSTGIS Writer: Creating 'unquoted WKB' geometry processor for feature type 'dsb.sivilforsvaret_distriktskontor'
2015-08-20 11:07:18|   1.9|  0.0|INFORM|POSTGIS Writer: Creating 'streaming Bulk Copy' feature type processor for feature type 'dsb.sivilforsvaret_distriktskontor'
2015-08-20 11:07:18|   2.0|  0.0|INFORM|Testing for the existence of table 'dsb.brannstasjoner'...
2015-08-20 11:07:18|   2.0|  0.0|INFORM|Dropping existing table 'dsb.brannstasjoner'...
2015-08-20 11:07:18|   2.0|  0.0|INFORM|Creating table 'dsb.brannstasjoner'...
2015-08-20 11:07:18|   2.0|  0.0|INFORM|POSTGIS Writer: Creating 'unquoted WKB' geometry processor for feature type 'dsb.brannstasjoner'
2015-08-20 11:07:18|   2.0|  0.0|INFORM|POSTGIS Writer: Creating 'batched Bulk Copy' feature type processor for feature type 'dsb.brannstasjoner'
2015-08-20 11:07:18|   2.5|  0.6|INFORM|Testing for the existence of table 'dsb.sentraldistrikter110'...
2015-08-20 11:07:18|   2.5|  0.0|INFORM|Dropping existing table 'dsb.sentraldistrikter110'...
2015-08-20 11:07:18|   2.5|  0.0|INFORM|Creating table 'dsb.sentraldistrikter110'...
2015-08-20 11:07:18|   2.5|  0.0|INFORM|POSTGIS Writer: Creating 'unquoted WKB' geometry processor for feature type 'dsb.sentraldistrikter110'
2015-08-20 11:07:18|   2.5|  0.0|INFORM|POSTGIS Writer: Creating 'batched Bulk Copy' feature type processor for feature type 'dsb.sentraldistrikter110'
2015-08-20 11:07:18|   2.6|  0.0|INFORM|Testing for the existence of table 'dsb.sivilforsvarsdistrikter'...
2015-08-20 11:07:18|   2.6|  0.0|INFORM|Dropping existing table 'dsb.sivilforsvarsdistrikter'...
2015-08-20 11:07:18|   2.6|  0.0|INFORM|Creating table 'dsb.sivilforsvarsdistrikter'...
2015-08-20 11:07:18|   2.6|  0.0|INFORM|POSTGIS Writer: Creating 'unquoted WKB' geometry processor for feature type 'dsb.sivilforsvarsdistrikter'
2015-08-20 11:07:18|   2.6|  0.0|INFORM|POSTGIS Writer: Creating 'batched Bulk Copy' feature type processor for feature type 'dsb.sivilforsvarsdistrikter'
2015-08-20 11:07:18|   2.6|  0.0|INFORM|HTTP transfer summary - download-size: '1064064 bytes', download-time: '1.778 seconds', url: 'http://kart.dsb.no:80/wfs.aspx?SERVICE=WFS&VERSION=1.1.0&REQUEST=GetFeature&TYPENAME=layer_511%2Clayer_307%2Clayer_309%2Clayer_562&NAMESPACE=xmlns%28%3Dhttp%3A%2F%2Fwww.opengis.net%2Fwfs%29&OUTPUTFORMAT=text%2Fxml%3B%20subtype%3Dgml%2F3.1.1%20encoding%3DUTF-8&MAXFEATURES=30000'
2015-08-20 11:07:18|   2.6|  0.0|INFORM|Emptying factory pipeline
2015-08-20 11:07:18|   2.6|  0.0|STATS |Router and Unexpected Input Remover(RoutingFactory): Tested 820 input feature(s), wrote 820 output feature(s): 820 matched merge filters, 820 were routed to output, 0 could not be routed.
2015-08-20 11:07:18|   2.6|  0.0|STATS |Unexpected Input Remover Nuker(TeeFactory): Cloned 0 input feature(s) into 0 output feature(s)
2015-08-20 11:07:18|   2.6|  0.0|STATS |layer_307 Feature Counter -1 29(TeeFactory): Cloned 20 input feature(s) into 20 output feature(s)
2015-08-20 11:07:18|   2.6|  0.0|STATS |layer_309 Feature Counter -1 53(TeeFactory): Cloned 22 input feature(s) into 22 output feature(s)
2015-08-20 11:07:18|   2.6|  0.0|STATS |layer_394 Feature Counter -1 40(TeeFactory): Cloned 0 input feature(s) into 0 output feature(s)
2015-08-20 11:07:18|   2.6|  0.0|STATS |layer_395 Feature Counter -1 44(TeeFactory): Cloned 0 input feature(s) into 0 output feature(s)
2015-08-20 11:07:18|   2.6|  0.0|STATS |layer_511 Feature Counter -1 47(TeeFactory): Cloned 760 input feature(s) into 760 output feature(s)
2015-08-20 11:07:18|   2.6|  0.0|STATS |layer_562 Feature Counter -1 26(TeeFactory): Cloned 18 input feature(s) into 18 output feature(s)
2015-08-20 11:07:18|   2.6|  0.0|STATS |AttributeCreator_OUTPUT Feature Counter -1 30(TeeFactory): Cloned 20 input feature(s) into 20 output feature(s)
2015-08-20 11:07:18|   2.6|  0.0|STATS |TimeStamper_2(TeeFactory): Cloned 20 input feature(s) into 20 output feature(s)
2015-08-20 11:07:18|   2.6|  0.0|STATS |TimeStamper_2_OUTPUT Feature Counter -1 57(TeeFactory): Cloned 20 input feature(s) into 20 output feature(s)
2015-08-20 11:07:18|   2.6|  0.0|STATS |Reprojector_2(TeeFactory): Cloned 20 input feature(s) into 20 output feature(s)
2015-08-20 11:07:18|   2.6|  0.0|STATS |Reprojector_2_REPROJECTED Feature Counter -1 58(TeeFactory): Cloned 20 input feature(s) into 20 output feature(s)
2015-08-20 11:07:18|   2.6|  0.0|STATS |DateFormatter_5(TeeFactory): Cloned 22 input feature(s) into 22 output feature(s)
2015-08-20 11:07:18|   2.6|  0.0|STATS |DateFormatter_5_OUTPUT Feature Counter -1 54(TeeFactory): Cloned 22 input feature(s) into 22 output feature(s)
2015-08-20 11:07:18|   2.6|  0.0|STATS |AttributeCreator_2_OUTPUT Feature Counter -1 36(TeeFactory): Cloned 22 input feature(s) into 22 output feature(s)
2015-08-20 11:07:18|   2.6|  0.0|STATS |TimeStamper_3(TeeFactory): Cloned 22 input feature(s) into 22 output feature(s)
2015-08-20 11:07:18|   2.6|  0.0|STATS |TimeStamper_3_OUTPUT Feature Counter -1 61(TeeFactory): Cloned 22 input feature(s) into 22 output feature(s)
2015-08-20 11:07:18|   2.6|  0.0|STATS |Reprojector_3(TeeFactory): Cloned 22 input feature(s) into 22 output feature(s)
2015-08-20 11:07:18|   2.6|  0.0|STATS |Reprojector_3_REPROJECTED Feature Counter -1 62(TeeFactory): Cloned 22 input feature(s) into 22 output feature(s)
2015-08-20 11:07:18|   2.6|  0.0|STATS |DateFormatter_2 (Disabled) Nuker(TeeFactory): Cloned 0 input feature(s) into 0 output feature(s)
2015-08-20 11:07:18|   2.6|  0.0|STATS |DateFormatter_2_OUTPUT Feature Counter -1 41(TeeFactory): Cloned 0 input feature(s) into 0 output feature(s)
2015-08-20 11:07:18|   2.6|  0.0|STATS |TimeStamper_4 (Disabled) Nuker(TeeFactory): Cloned 0 input feature(s) into 0 output feature(s)
2015-08-20 11:07:18|   2.6|  0.0|STATS |TimeStamper_4_OUTPUT Feature Counter -1 38(TeeFactory): Cloned 0 input feature(s) into 0 output feature(s)
2015-08-20 11:07:18|   2.6|  0.0|STATS |DateFormatter_3 (Disabled) Nuker(TeeFactory): Cloned 0 input feature(s) into 0 output feature(s)
2015-08-20 11:07:18|   2.6|  0.0|STATS |DateFormatter_3_OUTPUT Feature Counter -1 55(TeeFactory): Cloned 0 input feature(s) into 0 output feature(s)
2015-08-20 11:07:18|   2.6|  0.0|STATS |TimeStamper_5 (Disabled) Nuker(TeeFactory): Cloned 0 input feature(s) into 0 output feature(s)
2015-08-20 11:07:18|   2.6|  0.0|STATS |TimeStamper_5_OUTPUT Feature Counter -1 64(TeeFactory): Cloned 0 input feature(s) into 0 output feature(s)
2015-08-20 11:07:18|   2.6|  0.0|STATS |Reprojector_4 (Disabled) Nuker(TeeFactory): Cloned 0 input feature(s) into 0 output feature(s)
2015-08-20 11:07:18|   2.6|  0.0|STATS |Reprojector_4_REPROJECTED Feature Counter -1 65(TeeFactory): Cloned 0 input feature(s) into 0 output feature(s)
2015-08-20 11:07:18|   2.6|  0.0|STATS |DateFormatter_4(TeeFactory): Cloned 760 input feature(s) into 760 output feature(s)
2015-08-20 11:07:18|   2.6|  0.0|STATS |DateFormatter_4_OUTPUT Feature Counter -1 59(TeeFactory): Cloned 760 input feature(s) into 760 output feature(s)
2015-08-20 11:07:18|   2.6|  0.0|STATS |TimeStamper_6(TeeFactory): Cloned 760 input feature(s) into 760 output feature(s)
2015-08-20 11:07:18|   2.6|  0.0|STATS |TimeStamper_6_OUTPUT Feature Counter -1 67(TeeFactory): Cloned 760 input feature(s) into 760 output feature(s)
2015-08-20 11:07:18|   2.6|  0.0|STATS |Reprojector_5(TeeFactory): Cloned 760 input feature(s) into 760 output feature(s)
2015-08-20 11:07:18|   2.6|  0.0|STATS |Reprojector_5_REPROJECTED Feature Counter -1 73(TeeFactory): Cloned 760 input feature(s) into 760 output feature(s)
2015-08-20 11:07:18|   2.6|  0.0|STATS |AttributeCreator_4_OUTPUT Feature Counter -1 74(TeeFactory): Cloned 760 input feature(s) into 760 output feature(s)
2015-08-20 11:07:18|   2.6|  0.0|STATS |DateFormatter(TeeFactory): Cloned 18 input feature(s) into 18 output feature(s)
2015-08-20 11:07:18|   2.6|  0.0|STATS |DateFormatter_OUTPUT Feature Counter -1 22(TeeFactory): Cloned 18 input feature(s) into 18 output feature(s)
2015-08-20 11:07:18|   2.6|  0.0|STATS |TimeStamper(TeeFactory): Cloned 18 input feature(s) into 18 output feature(s)
2015-08-20 11:07:18|   2.6|  0.0|STATS |TimeStamper_OUTPUT Feature Counter -1 50(TeeFactory): Cloned 18 input feature(s) into 18 output feature(s)
2015-08-20 11:07:18|   2.6|  0.0|STATS |Reprojector(TeeFactory): Cloned 18 input feature(s) into 18 output feature(s)
2015-08-20 11:07:18|   2.6|  0.0|STATS |Reprojector_REPROJECTED Feature Counter -1 70(TeeFactory): Cloned 18 input feature(s) into 18 output feature(s)
2015-08-20 11:07:18|   2.6|  0.0|STATS |AttributeCreator_3_OUTPUT Feature Counter -1 71(TeeFactory): Cloned 18 input feature(s) into 18 output feature(s)
2015-08-20 11:07:18|   2.6|  0.0|STATS |Destination Feature Type Routing Correlator(RoutingFactory): Tested 820 input feature(s), wrote 820 output feature(s): 0 matched merge filters, 820 were routed to output, 0 could not be routed.
2015-08-20 11:07:18|   2.6|  0.0|STATS |Final Output Nuker(TeeFactory): Cloned 0 input feature(s) into 0 output feature(s)
2015-08-20 11:07:18|   2.6|  0.0|INFORM|=-=-=-=-=-=-=-=-=-=-=-=-=-=-=-=-=-=-=-=-=-=-=-=-=-=-=-=-=-=-=-=-=-=-=-=-=-=-=-
2015-08-20 11:07:18|   2.6|  0.0|INFORM|Feature output statistics for `FFS' writer using keyword `W_1':
2015-08-20 11:07:18|   2.6|  0.0|STATS |=-=-=-=-=-=-=-=-=-=-=-=-=-=-=-=-=-=-=-=-=-=-=-=-=-=-=-=-=-=-=-=-=-=-=-=-=-=-=-
2015-08-20 11:07:18|   2.6|  0.0|STATS |                               Features Written
2015-08-20 11:07:18|   2.6|  0.0|STATS |=-=-=-=-=-=-=-=-=-=-=-=-=-=-=-=-=-=-=-=-=-=-=-=-=-=-=-=-=-=-=-=-=-=-=-=-=-=-=-
2015-08-20 11:07:18|   2.6|  0.0|STATS |==============================================================================
2015-08-20 11:07:18|   2.6|  0.0|STATS |Total Features Written                                                       0
2015-08-20 11:07:18|   2.6|  0.0|STATS |=-=-=-=-=-=-=-=-=-=-=-=-=-=-=-=-=-=-=-=-=-=-=-=-=-=-=-=-=-=-=-=-=-=-=-=-=-=-=-
2015-08-20 11:07:19|   2.7|  0.1|INFORM|Creating 'GIST' index on column "geom" of table 'dsb.brannstasjoner'...
2015-08-20 11:07:19|   2.7|  0.0|INFORM|Vacuuming and analyzing table 'dsb.brannstasjoner'...
2015-08-20 11:07:19|   2.7|  0.0|INFORM|Creating 'GIST' index on column "geom" of table 'dsb.sivilforsvarsdistrikter'...
2015-08-20 11:07:19|   2.7|  0.0|INFORM|Vacuuming and analyzing table 'dsb.sivilforsvarsdistrikter'...
2015-08-20 11:07:19|   2.7|  0.0|INFORM|Creating 'GIST' index on column "geom" of table 'dsb.sentraldistrikter110'...
2015-08-20 11:07:19|   2.7|  0.0|INFORM|Vacuuming and analyzing table 'dsb.sentraldistrikter110'...
2015-08-20 11:07:19|   2.7|  0.0|INFORM|Creating 'GIST' index on column "geom" of table 'dsb.sivilforsvaret_distriktskontor'...
2015-08-20 11:07:19|   2.7|  0.0|INFORM|Vacuuming and analyzing table 'dsb.sivilforsvaret_distriktskontor'...
2015-08-20 11:07:19|   2.7|  0.0|INFORM|Successfully closed POSTGIS database writer
2015-08-20 11:07:19|   2.7|  0.0|INFORM|=-=-=-=-=-=-=-=-=-=-=-=-=-=-=-=-=-=-=-=-=-=-=-=-=-=-=-=-=-=-=-=-=-=-=-=-=-=-=-
2015-08-20 11:07:19|   2.7|  0.0|INFORM|Feature output statistics for `POSTGIS' writer using keyword `POSTGIS_1':
2015-08-20 11:07:19|   2.7|  0.0|STATS |=-=-=-=-=-=-=-=-=-=-=-=-=-=-=-=-=-=-=-=-=-=-=-=-=-=-=-=-=-=-=-=-=-=-=-=-=-=-=-
2015-08-20 11:07:19|   2.7|  0.0|STATS |                               Features Written
2015-08-20 11:07:19|   2.7|  0.0|STATS |=-=-=-=-=-=-=-=-=-=-=-=-=-=-=-=-=-=-=-=-=-=-=-=-=-=-=-=-=-=-=-=-=-=-=-=-=-=-=-
2015-08-20 11:07:19|   2.7|  0.0|STATS |dsb.brannstasjoner                                                         760
2015-08-20 11:07:19|   2.7|  0.0|STATS |dsb.sentraldistrikter110                                                    18
2015-08-20 11:07:19|   2.7|  0.0|STATS |dsb.sivilforsvaret_distriktskontor                                          22
2015-08-20 11:07:19|   2.7|  0.0|STATS |dsb.sivilforsvarsdistrikter                                                 20
2015-08-20 11:07:19|   2.7|  0.0|STATS |==============================================================================
2015-08-20 11:07:19|   2.7|  0.0|STATS |Total Features Written                                                     820
2015-08-20 11:07:19|   2.7|  0.0|STATS |=-=-=-=-=-=-=-=-=-=-=-=-=-=-=-=-=-=-=-=-=-=-=-=-=-=-=-=-=-=-=-=-=-=-=-=-=-=-=-
2015-08-20 11:07:19|   2.7|  0.0|STATS |=-=-=-=-=-=-=-=-=-=-=-=-=-=-=-=-=-=-=-=-=-=-=-=-=-=-=-=-=-=-=-=-=-=-=-=-=-=-=-
2015-08-20 11:07:19|   2.7|  0.0|STATS |                            Features Read Summary
2015-08-20 11:07:19|   2.7|  0.0|STATS |=-=-=-=-=-=-=-=-=-=-=-=-=-=-=-=-=-=-=-=-=-=-=-=-=-=-=-=-=-=-=-=-=-=-=-=-=-=-=-
2015-08-20 11:07:19|   2.7|  0.0|STATS |layer_307                                                                   20
2015-08-20 11:07:19|   2.7|  0.0|STATS |layer_309                                                                   22
2015-08-20 11:07:19|   2.7|  0.0|STATS |layer_511                                                                  760
2015-08-20 11:07:19|   2.7|  0.0|STATS |layer_562                                                                   18
2015-08-20 11:07:19|   2.7|  0.0|STATS |==============================================================================
2015-08-20 11:07:19|   2.7|  0.0|STATS |Total Features Read                                                        820
2015-08-20 11:07:19|   2.7|  0.0|STATS |=-=-=-=-=-=-=-=-=-=-=-=-=-=-=-=-=-=-=-=-=-=-=-=-=-=-=-=-=-=-=-=-=-=-=-=-=-=-=-
2015-08-20 11:07:19|   2.7|  0.0|STATS |=-=-=-=-=-=-=-=-=-=-=-=-=-=-=-=-=-=-=-=-=-=-=-=-=-=-=-=-=-=-=-=-=-=-=-=-=-=-=-
2015-08-20 11:07:19|   2.7|  0.0|STATS |                           Features Written Summary
2015-08-20 11:07:19|   2.7|  0.0|STATS |=-=-=-=-=-=-=-=-=-=-=-=-=-=-=-=-=-=-=-=-=-=-=-=-=-=-=-=-=-=-=-=-=-=-=-=-=-=-=-
2015-08-20 11:07:19|   2.7|  0.0|STATS |dsb.brannstasjoner                                                         760
2015-08-20 11:07:19|   2.7|  0.0|STATS |dsb.sentraldistrikter110                                                    18
2015-08-20 11:07:19|   2.7|  0.0|STATS |dsb.sivilforsvaret_distriktskontor                                          22
2015-08-20 11:07:19|   2.7|  0.0|STATS |dsb.sivilforsvarsdistrikter                                                 20
2015-08-20 11:07:19|   2.7|  0.0|STATS |==============================================================================
2015-08-20 11:07:19|   2.7|  0.0|STATS |Total Features Written                                                     820
2015-08-20 11:07:19|   2.7|  0.0|STATS |=-=-=-=-=-=-=-=-=-=-=-=-=-=-=-=-=-=-=-=-=-=-=-=-=-=-=-=-=-=-=-=-=-=-=-=-=-=-=-
2015-08-20 11:07:19|   2.7|  0.0|INFORM|Translation was SUCCESSFUL with 0 warning(s) (820 feature(s) output)
2015-08-20 11:07:19|   2.7|  0.0|INFORM|FME Session Duration: 3.9 seconds. (CPU: 1.3s user, 0.3s system)
2015-08-20 11:07:19|   2.7|  0.0|INFORM|END - ProcessID: 12368, peak process memory usage: 137180 kB, current process memory usage: 126896 kB
