2015-08-19 10:32:52|   0.0|  0.0|INFORM|FME 2015.1.1.0 (20150715 - Build 15515 - WIN64)
2015-08-19 10:32:52|   0.0|  0.0|INFORM|FME_HOME is 'C:\Program Files\FME\'
2015-08-19 10:32:52|   0.0|  0.0|INFORM|FME Desktop ESRI Edition (floating)
2015-08-19 10:32:52|   0.0|  0.0|INFORM|Permanent License.
2015-08-19 10:32:52|   0.0|  0.0|INFORM|Machine host name is: WSXMALAND1
2015-08-19 10:32:52|   0.0|  0.0|INFORM|START - ProcessID: 12864, peak process memory usage: 45592 kB, current process memory usage: 45592 kB
2015-08-19 10:32:52|   0.0|  0.0|INFORM|FME Configuration: Command line arguments are `C:\Program Files\FME\fme.exe' `C:/Users/xmaland/Documents/GitHub/geonorge/geonorge/DSB\wb-xlate-1439973172462_10900' `LOG_STANDARDOUT' `YES' `LogCountServerName' `{9a2b873d-1455-4c48-82c2-a9599382e3e7}'
2015-08-19 10:32:52|   0.1|  0.1|INFORM|Shared folders for formats are : C:\Program Files\FME\datasources;C:\Users\xmaland\Documents\GitHub\geonorge\Formats;C:\Users\xmaland\Documents\FME\Formats
2015-08-19 10:32:52|   0.1|  0.0|INFORM|Shared folders for transformers are : C:\Program Files\FME\transformers;C:\Users\xmaland\Documents\GitHub\geonorge\Transformers;C:\Users\xmaland\Documents\FME\Transformers
2015-08-19 10:32:52|   0.1|  0.0|INFORM|Shared folders for coordinate systems are : C:\Users\xmaland\Documents\GitHub\geonorge\CoordinateSystems;C:\Users\xmaland\Documents\FME\CoordinateSystems
2015-08-19 10:32:52|   0.1|  0.0|INFORM|Shared folders for coordinate system exceptions are : C:\Users\xmaland\Documents\GitHub\geonorge\CoordinateSystemExceptions;C:\Users\xmaland\Documents\FME\CoordinateSystemExceptions
2015-08-19 10:32:52|   0.1|  0.0|INFORM|Shared folders for coordinate system grid overrides are : C:\Users\xmaland\Documents\GitHub\geonorge\CoordinateSystemGridOverrides;C:\Users\xmaland\Documents\FME\CoordinateSystemGridOverrides
2015-08-19 10:32:52|   0.1|  0.0|INFORM|Shared folders for CS-MAP transformation exceptions are : C:\Users\xmaland\Documents\GitHub\geonorge\CsmapTransformationExceptions;C:\Users\xmaland\Documents\FME\CsmapTransformationExceptions
2015-08-19 10:32:52|   0.1|  0.0|INFORM|Shared folders for transformer categories are : C:\Users\xmaland\Documents\GitHub\geonorge\TransformerCategories;C:\Users\xmaland\Documents\FME\TransformerCategories
2015-08-19 10:32:52|   0.1|  0.0|INFORM|FME Configuration: Reader Keyword is `POSTGIS_1'
2015-08-19 10:32:52|   0.1|  0.0|INFORM|FME Configuration: Writer Keyword is `MULTI_WRITER'
2015-08-19 10:32:52|   0.1|  0.0|INFORM|FME Configuration: Writer Group Definition Keyword is `MULTI_WRITER_DEF'
2015-08-19 10:32:52|   0.1|  0.0|INFORM|FME Configuration: Reader type is `POSTGIS'
2015-08-19 10:32:52|   0.1|  0.0|INFORM|FME Configuration: Writer type is `MULTI_WRITER'
2015-08-19 10:32:52|   0.1|  0.0|INFORM|FME Configuration: No destination coordinate system set
2015-08-19 10:32:52|   0.1|  0.0|INFORM|FME Configuration: Current working folder is `C:\Users\xmaland\Documents\GitHub\geonorge\geonorge\DSB'
2015-08-19 10:32:52|   0.1|  0.0|INFORM|FME Configuration: Temporary folder is `C:\Users\xmaland\AppData\Local\Temp'
2015-08-19 10:32:52|   0.1|  0.0|INFORM|FME Configuration: FME_HOME is `C:\Program Files\FME\'
2015-08-19 10:32:52|   0.1|  0.0|INFORM|FME Configuration: FME_BASE is 'no'
2015-08-19 10:32:52|   0.1|  0.0|INFORM|FME Configuration: FME_MF_DIR is 'C:\Users\xmaland\Documents\GitHub\geonorge\geonorge\DSB/'
2015-08-19 10:32:52|   0.1|  0.0|INFORM|FME Configuration: FME_MF_NAME is 'postgis2AtomFeed.fmw'
2015-08-19 10:32:52|   0.1|  0.0|INFORM|FME Configuration: FME_PRODUCT_NAME is 'FME(R) 2015.1.1.0'
2015-08-19 10:32:52|   0.1|  0.0|INFORM|System Status: 158.37 GB of disk space available in the FME temporary folder (C:\Users\xmaland\AppData\Local\Temp)
2015-08-19 10:32:52|   0.1|  0.0|INFORM|System Status: 8.00 TB of virtual memory available
2015-08-19 10:32:52|   0.1|  0.0|INFORM|Operating System: Microsoft Windows 7 64-bit Service Pack 1 (Build 7601)
2015-08-19 10:32:52|   0.1|  0.0|INFORM|FME Platform: WIN64
2015-08-19 10:32:52|   0.1|  0.0|INFORM|Locale: nb_NO
2015-08-19 10:32:52|   0.1|  0.0|INFORM|Code Page: 1252  (ANSI - Latin I)
2015-08-19 10:32:52|   0.1|  0.0|INFORM|FME Configuration: Process limits are 15.77 GB of physical memory and 8.00 TB of address space
2015-08-19 10:32:52|   0.1|  0.0|INFORM|FME Configuration: Start freeing memory when process usage exceeds 9.46 GB of memory or 8.00 TB of address space
2015-08-19 10:32:52|   0.1|  0.0|INFORM|FME Configuration: Stop freeing memory when process usage is below 7.10 GB of memory and 6.00 TB of address space
2015-08-19 10:32:52|   0.1|  0.0|INFORM|Creating writer for format: 
2015-08-19 10:32:53|   0.2|  0.1|INFORM|FME Configuration: Named Connection Storage: 'C:\Users\xmaland\AppData\Roaming\Safe Software\FME'
2015-08-19 10:32:53|   0.2|  0.0|INFORM|FME Configuration: Using Named Connection values from 'geonortst@Nnridb504:5432/geonor01tst' for POSTGIS_1
2015-08-19 10:32:53|   0.2|  0.0|INFORM|Creating reader for format: PostGIS
2015-08-19 10:32:53|   0.2|  0.0|INFORM|Trying to find a DYNAMIC plugin for reader named `POSTGIS'
2015-08-19 10:32:53|   0.2|  0.0|INFORM|Loaded module 'POSTGIS' from file 'C:\Program Files\FME\plugins/POSTGIS.dll'
2015-08-19 10:32:53|   0.2|  0.0|INFORM|FME API version of module 'POSTGIS' matches current internal version (3.7 20150407)
2015-08-19 10:32:53|   0.2|  0.0|INFORM|Opening POSTGIS reader for dataset 'geonor01tst'
2015-08-19 10:32:53|   0.2|  0.0|INFORM|PostGIS client encoding: 'UTF8'
2015-08-19 10:32:53|   0.2|  0.0|INFORM|PostgreSQL 9.4.4 on x86_64-unknown-linux-gnu, compiled by gcc (GCC) 4.4.7 20120313 (Red Hat 4.4.7-11), 64-bit
2015-08-19 10:32:53|   0.2|  0.0|INFORM|2.1 USE_GEOS=1 USE_PROJ=1 USE_STATS=1
2015-08-19 10:32:53|   0.2|  0.0|INFORM|Using MultiWriter $Revision$ ( $Date$ ) with keyword `MULTI_WRITER' to output data (ID_ATTRIBUTE is `multi_writer_id')
2015-08-19 10:32:53|   0.2|  0.0|INFORM|Writer output will be ordered by value of multi_writer_id
2015-08-19 10:32:53|   0.2|  0.0|INFORM|Loaded module 'LogCount_func' from file 'C:\Program Files\FME\plugins/LogCount_func.dll'
2015-08-19 10:32:53|   0.2|  0.0|INFORM|FME API version of module 'LogCount_func' matches current internal version (3.7 20150407)
2015-08-19 10:32:53|   0.2|  0.0|INFORM|Creating writer for format: FME Feature Store (FFS)
2015-08-19 10:32:53|   0.3|  0.0|INFORM|FME Configuration: No destination coordinate system set
2015-08-19 10:32:53|   0.3|  0.0|INFORM|Reading POSTGIS table: 'dsb.sivilforsvaret_distriktskontor'...
2015-08-19 10:32:53|   0.3|  0.0|INFORM|FME Configuration: Source coordinate system for reader POSTGIS_1[POSTGIS] set to `EPSG:32633' as read from input data
2015-08-19 10:32:53|   0.4|  0.1|INFORM|Coordinate System `EPSG:32633' parameters: CS_NAME=`UTM84-33N' DESC_NM=`UTM-WGS 1984 datum, Zone 33 North, Meter; Cent. Meridian 15d E' DT_NAME=`WGS84' GROUP=`UTMN' MAP_SCL=`1' MAX_LAT=`90' MAX_LNG=`18.75' MIN_LAT=`-8.4' MIN_LNG=`11.25' PARM1=`15' PROJ=`TM' QUAD=`1' SCL_RED=`0.9996' SOURCE=`Snyder, J.P, 1987, Map Projections - A Working Manual' UNIT=`METER' X_OFF=`500000.0' Y_OFF=`0.0' 
2015-08-19 10:32:53|   0.4|  0.0|INFORM|Creating writer for format: GeoRSS/RSS Feed
2015-08-19 10:32:53|   0.4|  0.0|INFORM|Trying to find a DYNAMIC plugin for writer named `GEORSS'
2015-08-19 10:32:53|   0.4|  0.0|INFORM|Loaded module 'GEORSS' from file 'C:\Program Files\FME\plugins/GEORSS.dll'
2015-08-19 10:32:53|   0.4|  0.0|INFORM|FME API version of module 'GEORSS' matches current internal version (3.7 20150407)
2015-08-19 10:32:53|   0.4|  0.0|INFORM|FME Configuration: No destination coordinate system set
2015-08-19 10:32:53|   0.4|  0.0|INFORM|FME API version of module 'GEORSS' matches current internal version (3.7 20150407)
2015-08-19 10:32:53|   0.4|  0.0|INFORM|Writer `GEORSS_1' of type `GEORSS' using group definition keyword `GEORSS_DEF'
2015-08-19 10:32:53|   0.4|  0.0|INFORM|FME API version of module 'GEORSS' matches current internal version (3.7 20150407)
2015-08-19 10:32:53|   0.4|  0.0|INFORM|Opening the GeoRSS writer with destination dataset `C:\Users\xmaland\Documents\Feeds\DSB.xml'
2015-08-19 10:32:53|   0.4|  0.0|INFORM|FME Configuration: Destination coordinate system set to input coordinate system `EPSG:32633'
2015-08-19 10:32:53|   0.4|  0.0|WARN  |Multiple feed type features were passed to the GeoRSS writer.  The GeoRSS writer will only use the first feed type feature when writing out the GeoRSS feed.  All others will be ignored
2015-08-19 10:32:53|   0.5|  0.0|WARN  |... Last line repeated 20 times ...
2015-08-19 10:32:53|   0.5|  0.0|INFORM|Reading POSTGIS table: 'dsb.sentraldistrikter110'...
2015-08-19 10:32:53|   0.5|  0.0|INFORM|Reading POSTGIS table: 'dsb.brannstasjonkasernering'...
2015-08-19 10:32:53|   0.5|  0.0|INFORM|Reading POSTGIS table: 'dsb.brannstasjoner'...
2015-08-19 10:32:53|   0.6|  0.0|INFORM|Reading POSTGIS table: 'dsb.sivilforsvarsdistrikter'...
2015-08-19 10:32:53|   0.6|  0.0|WARN  |Multiple feed type features were passed to the GeoRSS writer.  The GeoRSS writer will only use the first feed type feature when writing out the GeoRSS feed.  All others will be ignored
2015-08-19 10:32:53|   0.6|  0.0|WARN  |... Last line repeated 19 times ...
2015-08-19 10:32:53|   0.6|  0.0|INFORM|Emptying factory pipeline
2015-08-19 10:32:53|   0.6|  0.0|STATS |Router and Unexpected Input Remover(RoutingFactory): Tested 1580 input feature(s), wrote 1580 output feature(s): 1580 matched merge filters, 1580 were routed to output, 0 could not be routed.
2015-08-19 10:32:53|   0.6|  0.0|STATS |Unexpected Input Remover Nuker(TeeFactory): Cloned 0 input feature(s) into 0 output feature(s)
2015-08-19 10:32:53|   0.6|  0.0|STATS |dsb.sivilforsvaret_distriktskontor (POSTGIS_1) Splitter(TeeFactory): Cloned 22 input feature(s) into 44 output feature(s)
2015-08-19 10:32:53|   0.6|  0.0|STATS |dsb.sivilforsvaret_distriktskontor_0_ofYeaqppq2I= Feature Counter -1 8(TeeFactory): Cloned 22 input feature(s) into 22 output feature(s)
2015-08-19 10:32:53|   0.6|  0.0|STATS |dsb.sivilforsvaret_distriktskontor_1_ofYeaqppq2I= Feature Counter -1 11(TeeFactory): Cloned 22 input feature(s) into 22 output feature(s)
2015-08-19 10:32:53|   0.6|  0.0|STATS |dsb.brannstasjoner (POSTGIS_1) Splitter(TeeFactory): Cloned 760 input feature(s) into 0 output feature(s)
2015-08-19 10:32:53|   0.6|  0.0|STATS |dsb.sentraldistrikter110 (POSTGIS_1) Splitter(TeeFactory): Cloned 18 input feature(s) into 0 output feature(s)
2015-08-19 10:32:53|   0.6|  0.0|STATS |dsb.sivilforsvarsdistrikter (POSTGIS_1) Splitter(TeeFactory): Cloned 20 input feature(s) into 40 output feature(s)
2015-08-19 10:32:53|   0.6|  0.0|STATS |dsb.sivilforsvarsdistrikter_0_KpMy466Ydtk= Feature Counter -1 10(TeeFactory): Cloned 20 input feature(s) into 20 output feature(s)
2015-08-19 10:32:53|   0.6|  0.0|STATS |dsb.sivilforsvarsdistrikter_1_KpMy466Ydtk= Feature Counter -1 9(TeeFactory): Cloned 20 input feature(s) into 20 output feature(s)
2015-08-19 10:32:53|   0.6|  0.0|STATS |dsb.brannstasjonkasernering (POSTGIS_1) Splitter(TeeFactory): Cloned 760 input feature(s) into 0 output feature(s)
2015-08-19 10:32:53|   0.6|  0.0|STATS |Destination Feature Type Routing Correlator(RoutingFactory): Tested 84 input feature(s), wrote 84 output feature(s): 0 matched merge filters, 84 were routed to output, 0 could not be routed.
2015-08-19 10:32:53|   0.6|  0.0|STATS |Final Output Nuker(TeeFactory): Cloned 0 input feature(s) into 0 output feature(s)
2015-08-19 10:32:53|   0.6|  0.0|INFORM|=-=-=-=-=-=-=-=-=-=-=-=-=-=-=-=-=-=-=-=-=-=-=-=-=-=-=-=-=-=-=-=-=-=-=-=-=-=-=-
2015-08-19 10:32:53|   0.6|  0.0|INFORM|Feature output statistics for `FFS' writer using keyword `W_1':
2015-08-19 10:32:53|   0.6|  0.0|STATS |=-=-=-=-=-=-=-=-=-=-=-=-=-=-=-=-=-=-=-=-=-=-=-=-=-=-=-=-=-=-=-=-=-=-=-=-=-=-=-
2015-08-19 10:32:53|   0.6|  0.0|STATS |                               Features Written
2015-08-19 10:32:53|   0.6|  0.0|STATS |=-=-=-=-=-=-=-=-=-=-=-=-=-=-=-=-=-=-=-=-=-=-=-=-=-=-=-=-=-=-=-=-=-=-=-=-=-=-=-
2015-08-19 10:32:53|   0.6|  0.0|STATS |==============================================================================
2015-08-19 10:32:53|   0.6|  0.0|STATS |Total Features Written                                                       0
2015-08-19 10:32:53|   0.6|  0.0|STATS |=-=-=-=-=-=-=-=-=-=-=-=-=-=-=-=-=-=-=-=-=-=-=-=-=-=-=-=-=-=-=-=-=-=-=-=-=-=-=-
2015-08-19 10:32:53|   0.6|  0.0|INFORM|The GeoRSS writer will output an Atom v1.0 feed
2015-08-19 10:32:53|   0.6|  0.0|INFORM|Closing the GeoRSS writer
2015-08-19 10:32:53|   0.6|  0.0|INFORM|=-=-=-=-=-=-=-=-=-=-=-=-=-=-=-=-=-=-=-=-=-=-=-=-=-=-=-=-=-=-=-=-=-=-=-=-=-=-=-
2015-08-19 10:32:53|   0.6|  0.0|INFORM|Feature output statistics for `GEORSS' writer using keyword `GEORSS_1':
2015-08-19 10:32:53|   0.6|  0.0|STATS |=-=-=-=-=-=-=-=-=-=-=-=-=-=-=-=-=-=-=-=-=-=-=-=-=-=-=-=-=-=-=-=-=-=-=-=-=-=-=-
2015-08-19 10:32:53|   0.6|  0.0|STATS |                               Features Written
2015-08-19 10:32:53|   0.6|  0.0|STATS |=-=-=-=-=-=-=-=-=-=-=-=-=-=-=-=-=-=-=-=-=-=-=-=-=-=-=-=-=-=-=-=-=-=-=-=-=-=-=-
2015-08-19 10:32:53|   0.6|  0.0|STATS |Entry                                                                       42
2015-08-19 10:32:53|   0.6|  0.0|STATS |Feed                                                                        42
2015-08-19 10:32:53|   0.6|  0.0|STATS |==============================================================================
2015-08-19 10:32:53|   0.6|  0.0|STATS |Total Features Written                                                      84
2015-08-19 10:32:53|   0.6|  0.0|STATS |=-=-=-=-=-=-=-=-=-=-=-=-=-=-=-=-=-=-=-=-=-=-=-=-=-=-=-=-=-=-=-=-=-=-=-=-=-=-=-
2015-08-19 10:32:53|   0.6|  0.0|STATS |=-=-=-=-=-=-=-=-=-=-=-=-=-=-=-=-=-=-=-=-=-=-=-=-=-=-=-=-=-=-=-=-=-=-=-=-=-=-=-
2015-08-19 10:32:53|   0.6|  0.0|STATS |                            Features Read Summary
2015-08-19 10:32:53|   0.6|  0.0|STATS |=-=-=-=-=-=-=-=-=-=-=-=-=-=-=-=-=-=-=-=-=-=-=-=-=-=-=-=-=-=-=-=-=-=-=-=-=-=-=-
2015-08-19 10:32:53|   0.6|  0.0|STATS |dsb.brannstasjoner                                                         760
2015-08-19 10:32:53|   0.6|  0.0|STATS |dsb.brannstasjonkasernering                                                760
2015-08-19 10:32:53|   0.6|  0.0|STATS |dsb.sentraldistrikter110                                                    18
2015-08-19 10:32:53|   0.6|  0.0|STATS |dsb.sivilforsvaret_distriktskontor                                          22
2015-08-19 10:32:53|   0.6|  0.0|STATS |dsb.sivilforsvarsdistrikter                                                 20
2015-08-19 10:32:53|   0.6|  0.0|STATS |==============================================================================
2015-08-19 10:32:53|   0.6|  0.0|STATS |Total Features Read                                                       1580
2015-08-19 10:32:53|   0.6|  0.0|STATS |=-=-=-=-=-=-=-=-=-=-=-=-=-=-=-=-=-=-=-=-=-=-=-=-=-=-=-=-=-=-=-=-=-=-=-=-=-=-=-
2015-08-19 10:32:53|   0.6|  0.0|STATS |=-=-=-=-=-=-=-=-=-=-=-=-=-=-=-=-=-=-=-=-=-=-=-=-=-=-=-=-=-=-=-=-=-=-=-=-=-=-=-
2015-08-19 10:32:53|   0.6|  0.0|STATS |                           Features Written Summary
2015-08-19 10:32:53|   0.6|  0.0|STATS |=-=-=-=-=-=-=-=-=-=-=-=-=-=-=-=-=-=-=-=-=-=-=-=-=-=-=-=-=-=-=-=-=-=-=-=-=-=-=-
2015-08-19 10:32:53|   0.6|  0.0|STATS |Entry                                                                       42
2015-08-19 10:32:53|   0.6|  0.0|STATS |Feed                                                                        42
2015-08-19 10:32:53|   0.6|  0.0|STATS |==============================================================================
2015-08-19 10:32:53|   0.6|  0.0|STATS |Total Features Written                                                      84
2015-08-19 10:32:53|   0.6|  0.0|STATS |=-=-=-=-=-=-=-=-=-=-=-=-=-=-=-=-=-=-=-=-=-=-=-=-=-=-=-=-=-=-=-=-=-=-=-=-=-=-=-
2015-08-19 10:32:53|   0.6|  0.0|INFORM|Successfully closed POSTGIS database reader
2015-08-19 10:32:53|   0.6|  0.0|INFORM|Successfully closed POSTGIS database reader
2015-08-19 10:32:53|   0.6|  0.0|INFORM|Translation was SUCCESSFUL with 4 warning(s) (84 feature(s) output)
2015-08-19 10:32:53|   0.6|  0.0|INFORM|FME Session Duration: 0.8 seconds. (CPU: 0.4s user, 0.2s system)
2015-08-19 10:32:53|   0.6|  0.0|INFORM|END - ProcessID: 12864, peak process memory usage: 98852 kB, current process memory usage: 98372 kB
