2015-08-18 15:18:36|   0.0|  0.0|INFORM|FME 2015.1.1.0 (20150715 - Build 15515 - WIN64)
2015-08-18 15:18:36|   0.0|  0.0|INFORM|FME_HOME is 'C:\Program Files\FME\'
2015-08-18 15:18:36|   0.0|  0.0|INFORM|FME Desktop ESRI Edition (floating)
2015-08-18 15:18:36|   0.0|  0.0|INFORM|Permanent License.
2015-08-18 15:18:36|   0.0|  0.0|INFORM|Machine host name is: WSXMALAND1
2015-08-18 15:18:36|   0.0|  0.0|INFORM|START - ProcessID: 9032, peak process memory usage: 49696 kB, current process memory usage: 49696 kB
2015-08-18 15:18:36|   0.0|  0.0|INFORM|FME Configuration: Command line arguments are `C:\Program Files\FME\fme.exe' `C:/Users/xmaland/Documents/GitHub/geonorge/geonorge/DSB\wb-xlate-1439903915849_10760' `LOG_STANDARDOUT' `YES' `LogCountServerName' `{cf275459-1ec5-47ca-86cf-6a4ae0cf3243}'
2015-08-18 15:18:36|   0.1|  0.1|INFORM|Shared folders for formats are : C:\Program Files\FME\datasources;C:\Users\xmaland\Documents\GitHub\geonorge\Formats;C:\Users\xmaland\Documents\FME\Formats
2015-08-18 15:18:36|   0.1|  0.0|INFORM|Shared folders for transformers are : C:\Program Files\FME\transformers;C:\Users\xmaland\Documents\GitHub\geonorge\Transformers;C:\Users\xmaland\Documents\FME\Transformers
2015-08-18 15:18:36|   0.1|  0.0|INFORM|Shared folders for coordinate systems are : C:\Users\xmaland\Documents\GitHub\geonorge\CoordinateSystems;C:\Users\xmaland\Documents\FME\CoordinateSystems
2015-08-18 15:18:36|   0.1|  0.0|INFORM|Shared folders for coordinate system exceptions are : C:\Users\xmaland\Documents\GitHub\geonorge\CoordinateSystemExceptions;C:\Users\xmaland\Documents\FME\CoordinateSystemExceptions
2015-08-18 15:18:36|   0.1|  0.0|INFORM|Shared folders for coordinate system grid overrides are : C:\Users\xmaland\Documents\GitHub\geonorge\CoordinateSystemGridOverrides;C:\Users\xmaland\Documents\FME\CoordinateSystemGridOverrides
2015-08-18 15:18:36|   0.1|  0.0|INFORM|Shared folders for CS-MAP transformation exceptions are : C:\Users\xmaland\Documents\GitHub\geonorge\CsmapTransformationExceptions;C:\Users\xmaland\Documents\FME\CsmapTransformationExceptions
2015-08-18 15:18:36|   0.1|  0.0|INFORM|Shared folders for transformer categories are : C:\Users\xmaland\Documents\GitHub\geonorge\TransformerCategories;C:\Users\xmaland\Documents\FME\TransformerCategories
2015-08-18 15:18:36|   0.1|  0.0|INFORM|FME Configuration: Reader Keyword is `POSTGIS_1'
2015-08-18 15:18:36|   0.1|  0.0|INFORM|FME Configuration: Writer Keyword is `MULTI_WRITER'
2015-08-18 15:18:36|   0.1|  0.0|INFORM|FME Configuration: Writer Group Definition Keyword is `MULTI_WRITER_DEF'
2015-08-18 15:18:36|   0.1|  0.0|INFORM|FME Configuration: Reader type is `POSTGIS'
2015-08-18 15:18:36|   0.1|  0.0|INFORM|FME Configuration: Writer type is `MULTI_WRITER'
2015-08-18 15:18:36|   0.1|  0.0|INFORM|FME Configuration: No destination coordinate system set
2015-08-18 15:18:36|   0.1|  0.0|INFORM|FME Configuration: Current working folder is `C:\Users\xmaland\Documents\GitHub\geonorge\geonorge\DSB'
2015-08-18 15:18:36|   0.1|  0.0|INFORM|FME Configuration: Temporary folder is `C:\Users\xmaland\AppData\Local\Temp'
2015-08-18 15:18:36|   0.1|  0.0|INFORM|FME Configuration: FME_HOME is `C:\Program Files\FME\'
2015-08-18 15:18:36|   0.1|  0.0|INFORM|FME Configuration: FME_BASE is 'no'
2015-08-18 15:18:36|   0.1|  0.0|INFORM|FME Configuration: FME_MF_DIR is 'C:\Users\xmaland\Documents\GitHub\geonorge\geonorge\DSB/'
2015-08-18 15:18:36|   0.1|  0.0|INFORM|FME Configuration: FME_MF_NAME is 'postgis2Sosi.fmw'
2015-08-18 15:18:36|   0.1|  0.0|INFORM|FME Configuration: FME_PRODUCT_NAME is 'FME(R) 2015.1.1.0'
2015-08-18 15:18:36|   0.1|  0.0|INFORM|System Status: 158.38 GB of disk space available in the FME temporary folder (C:\Users\xmaland\AppData\Local\Temp)
2015-08-18 15:18:36|   0.1|  0.0|INFORM|System Status: 8.00 TB of virtual memory available
2015-08-18 15:18:36|   0.1|  0.0|INFORM|Operating System: Microsoft Windows 7 64-bit Service Pack 1 (Build 7601)
2015-08-18 15:18:36|   0.1|  0.0|INFORM|FME Platform: WIN64
2015-08-18 15:18:36|   0.1|  0.0|INFORM|Locale: nb_NO
2015-08-18 15:18:36|   0.1|  0.0|INFORM|Code Page: 1252  (ANSI - Latin I)
2015-08-18 15:18:36|   0.1|  0.0|INFORM|FME Configuration: Process limits are 15.77 GB of physical memory and 8.00 TB of address space
2015-08-18 15:18:36|   0.1|  0.0|INFORM|FME Configuration: Start freeing memory when process usage exceeds 9.46 GB of memory or 8.00 TB of address space
2015-08-18 15:18:36|   0.1|  0.0|INFORM|FME Configuration: Stop freeing memory when process usage is below 7.10 GB of memory and 6.00 TB of address space
2015-08-18 15:18:36|   0.1|  0.0|INFORM|Creating writer for format: 
2015-08-18 15:18:36|   0.2|  0.1|INFORM|FME Configuration: Named Connection Storage: 'C:\Users\xmaland\AppData\Roaming\Safe Software\FME'
2015-08-18 15:18:36|   0.2|  0.0|INFORM|FME Configuration: Using Named Connection values from 'geonortst@Nnridb504:5432/geonor01tst' for POSTGIS_1
2015-08-18 15:18:36|   0.2|  0.0|INFORM|Creating reader for format: PostGIS
2015-08-18 15:18:36|   0.2|  0.0|INFORM|Trying to find a DYNAMIC plugin for reader named `POSTGIS'
2015-08-18 15:18:36|   0.2|  0.0|INFORM|Loaded module 'POSTGIS' from file 'C:\Program Files\FME\plugins/POSTGIS.dll'
2015-08-18 15:18:36|   0.2|  0.0|INFORM|FME API version of module 'POSTGIS' matches current internal version (3.7 20150407)
2015-08-18 15:18:36|   0.2|  0.0|INFORM|Opening POSTGIS reader for dataset 'geonor01tst'
2015-08-18 15:18:36|   0.2|  0.0|INFORM|PostGIS client encoding: 'UTF8'
2015-08-18 15:18:36|   0.2|  0.0|INFORM|PostgreSQL 9.4.4 on x86_64-unknown-linux-gnu, compiled by gcc (GCC) 4.4.7 20120313 (Red Hat 4.4.7-11), 64-bit
2015-08-18 15:18:36|   0.2|  0.0|INFORM|2.1 USE_GEOS=1 USE_PROJ=1 USE_STATS=1
2015-08-18 15:18:36|   0.2|  0.0|INFORM|Using MultiWriter $Revision$ ( $Date$ ) with keyword `MULTI_WRITER' to output data (ID_ATTRIBUTE is `multi_writer_id')
2015-08-18 15:18:36|   0.2|  0.0|INFORM|Writer output will be ordered by value of multi_writer_id
2015-08-18 15:18:36|   0.2|  0.0|INFORM|Loaded module 'LogCount_func' from file 'C:\Program Files\FME\plugins/LogCount_func.dll'
2015-08-18 15:18:36|   0.2|  0.0|INFORM|FME API version of module 'LogCount_func' matches current internal version (3.7 20150407)
2015-08-18 15:18:36|   0.2|  0.0|INFORM|Creating writer for format: FME Feature Store (FFS)
2015-08-18 15:18:36|   0.3|  0.0|INFORM|FME Configuration: No destination coordinate system set
2015-08-18 15:18:36|   0.3|  0.0|INFORM|Reading POSTGIS table: 'dsb.sivilforsvaret_distriktskontor'...
2015-08-18 15:18:36|   0.3|  0.0|INFORM|FME Configuration: Source coordinate system for reader POSTGIS_1[POSTGIS] set to `EPSG:32633' as read from input data
2015-08-18 15:18:36|   0.4|  0.1|INFORM|Coordinate System `EPSG:32633' parameters: CS_NAME=`UTM84-33N' DESC_NM=`UTM-WGS 1984 datum, Zone 33 North, Meter; Cent. Meridian 15d E' DT_NAME=`WGS84' GROUP=`UTMN' MAP_SCL=`1' MAX_LAT=`90' MAX_LNG=`18.75' MIN_LAT=`-8.4' MIN_LNG=`11.25' PARM1=`15' PROJ=`TM' QUAD=`1' SCL_RED=`0.9996' SOURCE=`Snyder, J.P, 1987, Map Projections - A Working Manual' UNIT=`METER' X_OFF=`500000.0' Y_OFF=`0.0' 
2015-08-18 15:18:36|   0.4|  0.0|INFORM|FME Configuration: Using FME Reprojection Engine
2015-08-18 15:18:36|   0.4|  0.0|INFORM|Creating writer for format: SOSI Format (SOSI)
2015-08-18 15:18:36|   0.4|  0.0|INFORM|Trying to find a DYNAMIC plugin for writer named `SOSI'
2015-08-18 15:18:36|   0.4|  0.0|INFORM|Loaded module 'SOSI' from file 'C:\Program Files\FME\plugins/GeoSOSI.FMEPlugin.dll'
2015-08-18 15:18:36|   0.4|  0.0|INFORM|FME internal API version is '3.7 20150407'.  The 'SOSI' module was built with FME API version '3.7 20141021'
2015-08-18 15:18:36|   0.4|  0.0|INFORM|FME Configuration: Destination coordinate system set to `EPSG:32633'
2015-08-18 15:18:36|   0.4|  0.0|INFORM|Coordinate System `EPSG:32633' parameters: CS_NAME=`UTM84-33N' DESC_NM=`UTM-WGS 1984 datum, Zone 33 North, Meter; Cent. Meridian 15d E' DT_NAME=`WGS84' GROUP=`UTMN' MAP_SCL=`1' MAX_LAT=`90' MAX_LNG=`18.75' MIN_LAT=`-8.4' MIN_LNG=`11.25' PARM1=`15' PROJ=`TM' QUAD=`1' SCL_RED=`0.9996' SOURCE=`Snyder, J.P, 1987, Map Projections - A Working Manual' UNIT=`METER' X_OFF=`500000.0' Y_OFF=`0.0' 
2015-08-18 15:18:36|   0.4|  0.0|INFORM|FME internal API version is '3.7 20150407'.  The 'SOSI' module was built with FME API version '3.7 20141021'
2015-08-18 15:18:36|   0.4|  0.0|INFORM|Writer `SOSI_1' of type `SOSI' using group definition keyword `SOSI_1_DEF'
2015-08-18 15:18:36|   0.4|  0.0|INFORM|FME internal API version is '3.7 20150407'.  The 'SOSI' module was built with FME API version '3.7 20141021'
2015-08-18 15:18:36|   0.4|  0.0|INFORM|SOSI Skriver: bibliotekversjon er '3.4.0.0'
2015-08-18 15:18:36|   0.4|  0.0|INFORM|SOSI Skriver: output datasett er 'C:\Users\xmaland\Documents\SOSIfiler\DSB.SOS'
2015-08-18 15:18:36|   0.5|  0.0|INFORM|SOSI Skriver: SOSI-versjonen i følge innstilling er '4.5'
2015-08-18 15:18:37|   0.6|  0.1|INFORM|SOSI Skriver: lastet best tilpassede definisjonsfil 'C:\Program Files\Geodata\GeoSOSI Professional for FME 2015\sosidef45.txt'
2015-08-18 15:18:37|   0.6|  0.0|INFORM|SOSI Skriver: lagret mapping til xml-fil 'C:\Users\xmaland\Documents\SOSIfiler\DSB.SOS.xml'
2015-08-18 15:18:37|   0.6|  0.0|INFORM|SOSI Skriver: kildekoordinatsystem 'EPSG:32633' er endret til koordinatsystem '63'
2015-08-18 15:18:37|   0.6|  0.0|INFORM|Reading POSTGIS table: 'dsb.sentraldistrikter110'...
2015-08-18 15:18:37|   0.6|  0.0|INFORM|Reading POSTGIS table: 'dsb.brannstasjonkasernering'...
2015-08-18 15:18:37|   0.7|  0.1|INFORM|Reading POSTGIS table: 'dsb.sivilforsvarsdistrikter'...
2015-08-18 15:18:37|   0.7|  0.0|INFORM|Reading POSTGIS table: 'dsb.brannstasjoner'...
2015-08-18 15:18:37|   0.8|  0.1|INFORM|Emptying factory pipeline
2015-08-18 15:18:37|   0.8|  0.0|STATS |Router and Unexpected Input Remover(RoutingFactory): Tested 1580 input feature(s), wrote 1580 output feature(s): 1580 matched merge filters, 1580 were routed to output, 0 could not be routed.
2015-08-18 15:18:37|   0.8|  0.0|STATS |Unexpected Input Remover Nuker(TeeFactory): Cloned 0 input feature(s) into 0 output feature(s)
2015-08-18 15:18:37|   0.8|  0.0|STATS |dsb.sivilforsvarsdistrikter Feature Counter -1 11(TeeFactory): Cloned 20 input feature(s) into 20 output feature(s)
2015-08-18 15:18:37|   0.8|  0.0|STATS |dsb.brannstasjonkasernering Feature Counter -1 13(TeeFactory): Cloned 760 input feature(s) into 760 output feature(s)
2015-08-18 15:18:37|   0.8|  0.0|STATS |dsb.brannstasjoner Feature Counter -1 16(TeeFactory): Cloned 760 input feature(s) into 760 output feature(s)
2015-08-18 15:18:37|   0.8|  0.0|STATS |dsb.sivilforsvaret_distriktskontor Feature Counter -1 12(TeeFactory): Cloned 22 input feature(s) into 22 output feature(s)
2015-08-18 15:18:37|   0.8|  0.0|STATS |dsb.sentraldistrikter110 Feature Counter -1 15(TeeFactory): Cloned 18 input feature(s) into 18 output feature(s)
2015-08-18 15:18:37|   0.8|  0.0|STATS |Destination Feature Type Routing Correlator(RoutingFactory): Tested 1580 input feature(s), wrote 1580 output feature(s): 0 matched merge filters, 1580 were routed to output, 0 could not be routed.
2015-08-18 15:18:37|   0.8|  0.0|STATS |Final Output Nuker(TeeFactory): Cloned 0 input feature(s) into 0 output feature(s)
2015-08-18 15:18:37|   0.8|  0.0|INFORM|=-=-=-=-=-=-=-=-=-=-=-=-=-=-=-=-=-=-=-=-=-=-=-=-=-=-=-=-=-=-=-=-=-=-=-=-=-=-=-
2015-08-18 15:18:37|   0.8|  0.0|INFORM|Feature output statistics for `FFS' writer using keyword `W_1':
2015-08-18 15:18:37|   0.8|  0.0|STATS |=-=-=-=-=-=-=-=-=-=-=-=-=-=-=-=-=-=-=-=-=-=-=-=-=-=-=-=-=-=-=-=-=-=-=-=-=-=-=-
2015-08-18 15:18:37|   0.8|  0.0|STATS |                               Features Written
2015-08-18 15:18:37|   0.8|  0.0|STATS |=-=-=-=-=-=-=-=-=-=-=-=-=-=-=-=-=-=-=-=-=-=-=-=-=-=-=-=-=-=-=-=-=-=-=-=-=-=-=-
2015-08-18 15:18:37|   0.8|  0.0|STATS |==============================================================================
2015-08-18 15:18:37|   0.8|  0.0|STATS |Total Features Written                                                       0
2015-08-18 15:18:37|   0.8|  0.0|STATS |=-=-=-=-=-=-=-=-=-=-=-=-=-=-=-=-=-=-=-=-=-=-=-=-=-=-=-=-=-=-=-=-=-=-=-=-=-=-=-
2015-08-18 15:18:37|   0.8|  0.0|STATS |Storing feature(s) to FME feature store file `C:\Users\xmaland\AppData\Local\Temp\GeoSOSI_generatedLines_2015-08-18_15-18-37_29695b39-2130-684a-9c53-62004c987bed'
2015-08-18 15:18:37|   1.0|  0.2|STATS |Stored 35 feature(s) to FME feature store file `C:\Users\xmaland\AppData\Local\Temp\GeoSOSI_generatedLines_2015-08-18_15-18-37_29695b39-2130-684a-9c53-62004c987bed'
2015-08-18 15:18:37|   1.0|  0.0|INFORM|=-=-=-=-=-=-=-=-=-=-=-=-=-=-=-=-=-=-=-=-=-=-=-=-=-=-=-=-=-=-=-=-=-=-=-=-=-=-=-
2015-08-18 15:18:37|   1.0|  0.0|INFORM|Feature output statistics for `SOSI' writer using keyword `SOSI_1':
2015-08-18 15:18:37|   1.0|  0.0|STATS |=-=-=-=-=-=-=-=-=-=-=-=-=-=-=-=-=-=-=-=-=-=-=-=-=-=-=-=-=-=-=-=-=-=-=-=-=-=-=-
2015-08-18 15:18:37|   1.0|  0.0|STATS |                               Features Written
2015-08-18 15:18:37|   1.0|  0.0|STATS |=-=-=-=-=-=-=-=-=-=-=-=-=-=-=-=-=-=-=-=-=-=-=-=-=-=-=-=-=-=-=-=-=-=-=-=-=-=-=-
2015-08-18 15:18:37|   1.0|  0.0|STATS |dsb.brannstasjoner                                                         760
2015-08-18 15:18:37|   1.0|  0.0|STATS |dsb.brannstasjonkasernering                                                760
2015-08-18 15:18:37|   1.0|  0.0|STATS |dsb.sentraldistrikter110                                                    18
2015-08-18 15:18:37|   1.0|  0.0|STATS |dsb.sivilforsvaret_distriktskontor                                          22
2015-08-18 15:18:37|   1.0|  0.0|STATS |dsb.sivilforsvarsdistrikter                                                 20
2015-08-18 15:18:37|   1.0|  0.0|STATS |==============================================================================
2015-08-18 15:18:37|   1.0|  0.0|STATS |Total Features Written                                                    1580
2015-08-18 15:18:37|   1.0|  0.0|STATS |=-=-=-=-=-=-=-=-=-=-=-=-=-=-=-=-=-=-=-=-=-=-=-=-=-=-=-=-=-=-=-=-=-=-=-=-=-=-=-
2015-08-18 15:18:37|   1.0|  0.0|STATS |=-=-=-=-=-=-=-=-=-=-=-=-=-=-=-=-=-=-=-=-=-=-=-=-=-=-=-=-=-=-=-=-=-=-=-=-=-=-=-
2015-08-18 15:18:37|   1.0|  0.0|STATS |                            Features Read Summary
2015-08-18 15:18:37|   1.0|  0.0|STATS |=-=-=-=-=-=-=-=-=-=-=-=-=-=-=-=-=-=-=-=-=-=-=-=-=-=-=-=-=-=-=-=-=-=-=-=-=-=-=-
2015-08-18 15:18:37|   1.0|  0.0|STATS |dsb.brannstasjoner                                                         760
2015-08-18 15:18:37|   1.0|  0.0|STATS |dsb.brannstasjonkasernering                                                760
2015-08-18 15:18:37|   1.0|  0.0|STATS |dsb.sentraldistrikter110                                                    18
2015-08-18 15:18:37|   1.0|  0.0|STATS |dsb.sivilforsvaret_distriktskontor                                          22
2015-08-18 15:18:37|   1.0|  0.0|STATS |dsb.sivilforsvarsdistrikter                                                 20
2015-08-18 15:18:37|   1.0|  0.0|STATS |==============================================================================
2015-08-18 15:18:37|   1.0|  0.0|STATS |Total Features Read                                                       1580
2015-08-18 15:18:37|   1.0|  0.0|STATS |=-=-=-=-=-=-=-=-=-=-=-=-=-=-=-=-=-=-=-=-=-=-=-=-=-=-=-=-=-=-=-=-=-=-=-=-=-=-=-
2015-08-18 15:18:37|   1.0|  0.0|STATS |=-=-=-=-=-=-=-=-=-=-=-=-=-=-=-=-=-=-=-=-=-=-=-=-=-=-=-=-=-=-=-=-=-=-=-=-=-=-=-
2015-08-18 15:18:37|   1.0|  0.0|STATS |                           Features Written Summary
2015-08-18 15:18:37|   1.0|  0.0|STATS |=-=-=-=-=-=-=-=-=-=-=-=-=-=-=-=-=-=-=-=-=-=-=-=-=-=-=-=-=-=-=-=-=-=-=-=-=-=-=-
2015-08-18 15:18:37|   1.0|  0.0|STATS |dsb.brannstasjoner                                                         760
2015-08-18 15:18:37|   1.0|  0.0|STATS |dsb.brannstasjonkasernering                                                760
2015-08-18 15:18:37|   1.0|  0.0|STATS |dsb.sentraldistrikter110                                                    18
2015-08-18 15:18:37|   1.0|  0.0|STATS |dsb.sivilforsvaret_distriktskontor                                          22
2015-08-18 15:18:37|   1.0|  0.0|STATS |dsb.sivilforsvarsdistrikter                                                 20
2015-08-18 15:18:37|   1.0|  0.0|STATS |==============================================================================
2015-08-18 15:18:37|   1.0|  0.0|STATS |Total Features Written                                                    1580
2015-08-18 15:18:37|   1.0|  0.0|STATS |=-=-=-=-=-=-=-=-=-=-=-=-=-=-=-=-=-=-=-=-=-=-=-=-=-=-=-=-=-=-=-=-=-=-=-=-=-=-=-
2015-08-18 15:18:37|   1.0|  0.0|INFORM|Successfully closed POSTGIS database reader
2015-08-18 15:18:37|   1.0|  0.0|INFORM|Successfully closed POSTGIS database reader
2015-08-18 15:18:37|   1.0|  0.0|INFORM|Translation was SUCCESSFUL with 0 warning(s) (1580 feature(s) output)
2015-08-18 15:18:37|   1.0|  0.0|INFORM|FME Session Duration: 1.3 seconds. (CPU: 0.8s user, 0.2s system)
2015-08-18 15:18:37|   1.0|  0.0|INFORM|END - ProcessID: 9032, peak process memory usage: 106268 kB, current process memory usage: 102272 kB
